Using pre-set license
Built from '2021.2/staging' branch; Version is '2021.2.1f1 (c20c6d589440) revision 12717165'; Using compiler version '192829333'; Build Type 'Release'
OS: 'Windows 10 Pro; OS build 19043.1288; Version 2009; 64bit' Language: 'en' Physical Memory: 16328 MB
BatchMode: 1, IsHumanControllingUs: 0, StartBugReporterOnCrash: 0, Is64bit: 1, IsPro: 0

COMMAND LINE ARGUMENTS:
C:\Program Files\Unity\Hub\Editor\2021.2.1f1\Editor\Unity.exe
-adb2
-batchMode
-noUpm
-name
AssetImportWorker8
-projectPath
E:/Unity/SCAVE
-logFile
Logs/AssetImportWorker8.log
-srvPort
63768
Successfully changed project path to: E:/Unity/SCAVE
E:/Unity/SCAVE
[UnityMemory] Configuration Parameters - Can be set up in boot.config
    "memorysetup-bucket-allocator-granularity=16"
    "memorysetup-bucket-allocator-bucket-count=8"
    "memorysetup-bucket-allocator-block-size=33554432"
    "memorysetup-bucket-allocator-block-count=8"
    "memorysetup-main-allocator-block-size=16777216"
    "memorysetup-thread-allocator-block-size=16777216"
    "memorysetup-gfx-main-allocator-block-size=16777216"
    "memorysetup-gfx-thread-allocator-block-size=16777216"
    "memorysetup-cache-allocator-block-size=4194304"
    "memorysetup-typetree-allocator-block-size=2097152"
    "memorysetup-profiler-bucket-allocator-granularity=16"
    "memorysetup-profiler-bucket-allocator-bucket-count=8"
    "memorysetup-profiler-bucket-allocator-block-size=33554432"
    "memorysetup-profiler-bucket-allocator-block-count=8"
    "memorysetup-profiler-allocator-block-size=16777216"
    "memorysetup-profiler-editor-allocator-block-size=1048576"
    "memorysetup-temp-allocator-size-main=16777216"
    "memorysetup-job-temp-allocator-block-size=2097152"
    "memorysetup-job-temp-allocator-block-size-background=1048576"
    "memorysetup-job-temp-allocator-reduction-small-platforms=262144"
    "memorysetup-temp-allocator-size-background-worker=32768"
    "memorysetup-temp-allocator-size-job-worker=262144"
    "memorysetup-temp-allocator-size-preload-manager=33554432"
    "memorysetup-temp-allocator-size-nav-mesh-worker=65536"
    "memorysetup-temp-allocator-size-audio-worker=65536"
    "memorysetup-temp-allocator-size-cloud-worker=32768"
    "memorysetup-temp-allocator-size-gi-baking-worker=262144"
    "memorysetup-temp-allocator-size-gfx=262144"
Refreshing native plugins compatible for Editor in 127.96 ms, found 3 plugins.
Preloading 0 native plugins for Editor in 0.00 ms.
Initialize engine version: 2021.2.1f1 (c20c6d589440)
[Subsystems] Discovering subsystems at path C:/Program Files/Unity/Hub/Editor/2021.2.1f1/Editor/Data/Resources/UnitySubsystems
[Subsystems] Discovering subsystems at path E:/Unity/SCAVE/Assets
GfxDevice: creating device client; threaded=0; jobified=0
Direct3D:
    Version:  Direct3D 11.0 [level 11.1]
    Renderer: NVIDIA GeForce RTX 2070 SUPER (ID=0x1e84)
    Vendor:   NVIDIA
    VRAM:     8011 MB
    Driver:   30.0.14.9613
Initialize mono
Mono path[0] = 'C:/Program Files/Unity/Hub/Editor/2021.2.1f1/Editor/Data/Managed'
Mono path[1] = 'C:/Program Files/Unity/Hub/Editor/2021.2.1f1/Editor/Data/MonoBleedingEdge/lib/mono/unityjit-win32'
Mono config path = 'C:/Program Files/Unity/Hub/Editor/2021.2.1f1/Editor/Data/MonoBleedingEdge/etc'
Using monoOptions --debugger-agent=transport=dt_socket,embedding=1,server=y,suspend=n,address=127.0.0.1:56984
Begin MonoManager ReloadAssembly
Registering precompiled unity dll's ...
Register platform support module: C:/Program Files/Unity/Hub/Editor/2021.2.1f1/Editor/Data/PlaybackEngines/WindowsStandaloneSupport/UnityEditor.WindowsStandalone.Extensions.dll
Registered in 0.006529 seconds.
Native extension for WindowsStandalone target not found
Refreshing native plugins compatible for Editor in 138.04 ms, found 3 plugins.
Preloading 0 native plugins for Editor in 0.00 ms.
Mono: successfully reloaded assembly
- Completed reload, in  1.162 seconds
Domain Reload Profiling:
	ReloadAssembly (1162ms)
		BeginReloadAssembly (62ms)
			ExecutionOrderSort (0ms)
			DisableScriptedObjects (0ms)
			BackupInstance (0ms)
			ReleaseScriptingObjects (0ms)
			CreateAndSetChildDomain (1ms)
		EndReloadAssembly (475ms)
			LoadAssemblies (59ms)
			RebuildTransferFunctionScriptingTraits (0ms)
			SetupTypeCache (100ms)
			ReleaseScriptCaches (0ms)
			RebuildScriptCaches (22ms)
			SetupLoadedEditorAssemblies (306ms)
				LogAssemblyErrors (0ms)
				InitializePlatformSupportModulesInManaged (6ms)
				SetLoadedEditorAssemblies (0ms)
				RefreshPlugins (138ms)
				BeforeProcessingInitializeOnLoad (1ms)
				ProcessInitializeOnLoadAttributes (122ms)
				ProcessInitializeOnLoadMethodAttributes (38ms)
				AfterProcessingInitializeOnLoad (0ms)
				EditorAssembliesLoaded (0ms)
			ExecutionOrderSort2 (0ms)
			AwakeInstancesAfterBackupRestoration (0ms)
Platform modules already initialized, skipping
Registering precompiled user dll's ...
Registered in 0.004171 seconds.
Begin MonoManager ReloadAssembly
Symbol file LoadedFromMemory doesn't match image E:\Unity\SCAVE\Library\PackageCache\com.unity.visualscripting@1.7.2\Editor\VisualScripting.Core\Dependencies\YamlDotNet\Unity.VisualScripting.YamlDotNet.dll
Symbol file LoadedFromMemory doesn't match image E:\Unity\SCAVE\Library\PackageCache\com.unity.visualscripting@1.7.2\Editor\VisualScripting.Core\Dependencies\DotNetZip\Unity.VisualScripting.IonicZip.dll
Native extension for WindowsStandalone target not found
Refreshing native plugins compatible for Editor in 130.04 ms, found 3 plugins.
Preloading 0 native plugins for Editor in 0.00 ms.
Mono: successfully reloaded assembly
- Completed reload, in  2.154 seconds
Domain Reload Profiling:
	ReloadAssembly (2155ms)
		BeginReloadAssembly (152ms)
			ExecutionOrderSort (0ms)
			DisableScriptedObjects (5ms)
			BackupInstance (0ms)
			ReleaseScriptingObjects (0ms)
			CreateAndSetChildDomain (18ms)
		EndReloadAssembly (1914ms)
			LoadAssemblies (72ms)
			RebuildTransferFunctionScriptingTraits (0ms)
			SetupTypeCache (277ms)
			ReleaseScriptCaches (1ms)
			RebuildScriptCaches (100ms)
			SetupLoadedEditorAssemblies (1259ms)
				LogAssemblyErrors (0ms)
				InitializePlatformSupportModulesInManaged (10ms)
				SetLoadedEditorAssemblies (0ms)
				RefreshPlugins (130ms)
				BeforeProcessingInitializeOnLoad (107ms)
				ProcessInitializeOnLoadAttributes (961ms)
				ProcessInitializeOnLoadMethodAttributes (42ms)
				AfterProcessingInitializeOnLoad (8ms)
				EditorAssembliesLoaded (0ms)
			ExecutionOrderSort2 (0ms)
			AwakeInstancesAfterBackupRestoration (7ms)
Platform modules already initialized, skipping
========================================================================
Worker process is ready to serve import requests
Launched and connected shader compiler UnityShaderCompiler.exe after 0.06 seconds
Refreshing native plugins compatible for Editor in 1.14 ms, found 3 plugins.
Preloading 0 native plugins for Editor in 0.00 ms.
Unloading 6304 Unused Serialized files (Serialized files now loaded: 0)
Unloading 166 unused Assets / (2.6 MB). Loaded Objects now: 6742.
Memory consumption went from 282.4 MB to 279.8 MB.
Total: 5.309000 ms (FindLiveObjects: 0.522500 ms CreateObjectMapping: 0.172300 ms MarkObjects: 3.810800 ms  DeleteObjects: 0.802100 ms)

AssetImportParameters requested are different than current active one (requested -> active):
  custom:video-decoder-ogg-theora: a1e56fd34408186e4bbccfd4996cb3dc -> 
  custom:container-muxer-webm: aa71ff27fc2769a1b78a27578f13a17b -> 
  custom:container-demuxer-webm: 4f35f7cbe854078d1ac9338744f61a02 -> 
  custom:video-encoder-webm-vp8: eb34c28f22e8b96e1ab97ce403110664 -> 
  custom:audio-encoder-webm-vorbis: bf7c407c2cedff20999df2af8eb42d56 -> 
  custom:framework-win-MediaFoundation: 216162199b28c13a410421893ffa2e32 -> 
  custom:container-demuxer-ogg: 62fdf1f143b41e24485cea50d1cbac27 -> 
  custom:video-decoder-webm-vp8: 9c59270c3fd7afecdb556c50c9e8de78 -> 
  custom:audio-decoder-ogg-vorbis: bf7c407c2cedff20999df2af8eb42d56 -> 
========================================================================
Received Prepare
Registering precompiled user dll's ...
Registered in 0.003970 seconds.
Begin MonoManager ReloadAssembly
Symbol file LoadedFromMemory doesn't match image E:\Unity\SCAVE\Library\PackageCache\com.unity.visualscripting@1.7.2\Editor\VisualScripting.Core\Dependencies\YamlDotNet\Unity.VisualScripting.YamlDotNet.dll
Symbol file LoadedFromMemory doesn't match image E:\Unity\SCAVE\Library\PackageCache\com.unity.visualscripting@1.7.2\Editor\VisualScripting.Core\Dependencies\DotNetZip\Unity.VisualScripting.IonicZip.dll
Native extension for WindowsStandalone target not found
Refreshing native plugins compatible for Editor in 1.99 ms, found 3 plugins.
Preloading 0 native plugins for Editor in 0.00 ms.
Warning: Annotation not found!
UnityEngine.StackTraceUtility:ExtractStackTrace ()
UnityEditor.ProBuilder.EditorUtility:SetGizmoIconEnabled (System.Type,bool) (at Library/PackageCache/com.unity.probuilder@5.0.3/Editor/EditorCore/EditorUtility.cs:575)
UnityEditor.ProBuilder.HierarchyListener:.cctor () (at Library/PackageCache/com.unity.probuilder@5.0.3/Editor/EditorCore/HierarchyListener.cs:21)
System.Runtime.CompilerServices.RuntimeHelpers:RunClassConstructor (System.RuntimeTypeHandle)
UnityEditor.EditorAssemblies:ProcessInitializeOnLoadAttributes (System.Type[])

[Library/PackageCache/com.unity.probuilder@5.0.3/Editor/EditorCore/EditorUtility.cs line 575]

Mono: successfully reloaded assembly
- Completed reload, in  1.320 seconds
Domain Reload Profiling:
	ReloadAssembly (1321ms)
		BeginReloadAssembly (141ms)
			ExecutionOrderSort (0ms)
			DisableScriptedObjects (4ms)
			BackupInstance (0ms)
			ReleaseScriptingObjects (0ms)
			CreateAndSetChildDomain (41ms)
		EndReloadAssembly (1087ms)
			LoadAssemblies (81ms)
			RebuildTransferFunctionScriptingTraits (0ms)
			SetupTypeCache (279ms)
			ReleaseScriptCaches (2ms)
			RebuildScriptCaches (65ms)
			SetupLoadedEditorAssemblies (536ms)
				LogAssemblyErrors (0ms)
				InitializePlatformSupportModulesInManaged (14ms)
				SetLoadedEditorAssemblies (1ms)
				RefreshPlugins (2ms)
				BeforeProcessingInitializeOnLoad (92ms)
				ProcessInitializeOnLoadAttributes (358ms)
				ProcessInitializeOnLoadMethodAttributes (60ms)
				AfterProcessingInitializeOnLoad (8ms)
				EditorAssembliesLoaded (0ms)
			ExecutionOrderSort2 (0ms)
			AwakeInstancesAfterBackupRestoration (11ms)
Platform modules already initialized, skipping
Refreshing native plugins compatible for Editor in 1.21 ms, found 3 plugins.
Preloading 0 native plugins for Editor in 0.00 ms.
Unloading 6094 Unused Serialized files (Serialized files now loaded: 0)
Unloading 47 unused Assets / (2.6 MB). Loaded Objects now: 6744.
Memory consumption went from 267.4 MB to 264.8 MB.
Total: 5.780000 ms (FindLiveObjects: 0.624900 ms CreateObjectMapping: 0.169300 ms MarkObjects: 4.199900 ms  DeleteObjects: 0.783600 ms)

AssetImportParameters requested are different than current active one (requested -> active):
  custom:video-decoder-ogg-theora: a1e56fd34408186e4bbccfd4996cb3dc -> 
  custom:container-muxer-webm: aa71ff27fc2769a1b78a27578f13a17b -> 
  custom:container-demuxer-webm: 4f35f7cbe854078d1ac9338744f61a02 -> 
  custom:video-encoder-webm-vp8: eb34c28f22e8b96e1ab97ce403110664 -> 
  custom:audio-encoder-webm-vorbis: bf7c407c2cedff20999df2af8eb42d56 -> 
  custom:framework-win-MediaFoundation: 216162199b28c13a410421893ffa2e32 -> 
  custom:container-demuxer-ogg: 62fdf1f143b41e24485cea50d1cbac27 -> 
  custom:video-decoder-webm-vp8: 9c59270c3fd7afecdb556c50c9e8de78 -> 
  custom:audio-decoder-ogg-vorbis: bf7c407c2cedff20999df2af8eb42d56 -> 
========================================================================
Received Prepare
Registering precompiled user dll's ...
Registered in 0.004018 seconds.
Begin MonoManager ReloadAssembly
Symbol file LoadedFromMemory doesn't match image E:\Unity\SCAVE\Library\PackageCache\com.unity.visualscripting@1.7.2\Editor\VisualScripting.Core\Dependencies\YamlDotNet\Unity.VisualScripting.YamlDotNet.dll
Symbol file LoadedFromMemory doesn't match image E:\Unity\SCAVE\Library\PackageCache\com.unity.visualscripting@1.7.2\Editor\VisualScripting.Core\Dependencies\DotNetZip\Unity.VisualScripting.IonicZip.dll
Native extension for WindowsStandalone target not found
Refreshing native plugins compatible for Editor in 1.60 ms, found 3 plugins.
Preloading 0 native plugins for Editor in 0.00 ms.
Warning: Annotation not found!
UnityEngine.StackTraceUtility:ExtractStackTrace ()
UnityEditor.ProBuilder.EditorUtility:SetGizmoIconEnabled (System.Type,bool) (at Library/PackageCache/com.unity.probuilder@5.0.3/Editor/EditorCore/EditorUtility.cs:575)
UnityEditor.ProBuilder.HierarchyListener:.cctor () (at Library/PackageCache/com.unity.probuilder@5.0.3/Editor/EditorCore/HierarchyListener.cs:21)
System.Runtime.CompilerServices.RuntimeHelpers:RunClassConstructor (System.RuntimeTypeHandle)
UnityEditor.EditorAssemblies:ProcessInitializeOnLoadAttributes (System.Type[])

[Library/PackageCache/com.unity.probuilder@5.0.3/Editor/EditorCore/EditorUtility.cs line 575]

Mono: successfully reloaded assembly
- Completed reload, in  1.360 seconds
Domain Reload Profiling:
	ReloadAssembly (1361ms)
		BeginReloadAssembly (141ms)
			ExecutionOrderSort (0ms)
			DisableScriptedObjects (5ms)
			BackupInstance (0ms)
			ReleaseScriptingObjects (0ms)
			CreateAndSetChildDomain (47ms)
		EndReloadAssembly (1127ms)
			LoadAssemblies (79ms)
			RebuildTransferFunctionScriptingTraits (0ms)
			SetupTypeCache (285ms)
			ReleaseScriptCaches (2ms)
			RebuildScriptCaches (66ms)
			SetupLoadedEditorAssemblies (566ms)
				LogAssemblyErrors (0ms)
				InitializePlatformSupportModulesInManaged (13ms)
				SetLoadedEditorAssemblies (0ms)
				RefreshPlugins (2ms)
				BeforeProcessingInitializeOnLoad (97ms)
				ProcessInitializeOnLoadAttributes (383ms)
				ProcessInitializeOnLoadMethodAttributes (63ms)
				AfterProcessingInitializeOnLoad (8ms)
				EditorAssembliesLoaded (0ms)
			ExecutionOrderSort2 (0ms)
			AwakeInstancesAfterBackupRestoration (11ms)
Platform modules already initialized, skipping
Refreshing native plugins compatible for Editor in 1.20 ms, found 3 plugins.
Preloading 0 native plugins for Editor in 0.00 ms.
Unloading 6094 Unused Serialized files (Serialized files now loaded: 0)
Unloading 47 unused Assets / (2.6 MB). Loaded Objects now: 6746.
Memory consumption went from 267.4 MB to 264.8 MB.
Total: 4.902800 ms (FindLiveObjects: 0.695600 ms CreateObjectMapping: 0.179900 ms MarkObjects: 3.398800 ms  DeleteObjects: 0.626600 ms)

AssetImportParameters requested are different than current active one (requested -> active):
  custom:video-decoder-ogg-theora: a1e56fd34408186e4bbccfd4996cb3dc -> 
  custom:container-muxer-webm: aa71ff27fc2769a1b78a27578f13a17b -> 
  custom:container-demuxer-webm: 4f35f7cbe854078d1ac9338744f61a02 -> 
  custom:video-encoder-webm-vp8: eb34c28f22e8b96e1ab97ce403110664 -> 
  custom:audio-encoder-webm-vorbis: bf7c407c2cedff20999df2af8eb42d56 -> 
  custom:framework-win-MediaFoundation: 216162199b28c13a410421893ffa2e32 -> 
  custom:container-demuxer-ogg: 62fdf1f143b41e24485cea50d1cbac27 -> 
  custom:video-decoder-webm-vp8: 9c59270c3fd7afecdb556c50c9e8de78 -> 
  custom:audio-decoder-ogg-vorbis: bf7c407c2cedff20999df2af8eb42d56 -> 
========================================================================
Received Import Request.
  Time since last request: 700521.917702 seconds.
  path: Assets/Mineable Objects/Ores/Emerald/Emerald.asset
  artifactKey: Guid(5b685330f5fbff14483908814d7ed551) Importer(815301076,1909f56bfc062723c751e8b465ee728b)
Start importing Assets/Mineable Objects/Ores/Emerald/Emerald.asset using Guid(5b685330f5fbff14483908814d7ed551) Importer(815301076,1909f56bfc062723c751e8b465ee728b)  -> (artifact id: '88bcf6d1d5e5764bdc26a2f649e45843') in 0.027754 seconds 
========================================================================
Received Import Request.
  Time since last request: 0.000028 seconds.
  path: Assets/Mineable Objects/Ores/Emerald/Small Emerald.asset
  artifactKey: Guid(a23a5b7861bbc0749b8a0e91eeb4df6d) Importer(815301076,1909f56bfc062723c751e8b465ee728b)
Start importing Assets/Mineable Objects/Ores/Emerald/Small Emerald.asset using Guid(a23a5b7861bbc0749b8a0e91eeb4df6d) Importer(815301076,1909f56bfc062723c751e8b465ee728b)  -> (artifact id: '35658ffd9db52d070c0067381a23fd3a') in 0.006004 seconds 
========================================================================
Received Prepare
Registering precompiled user dll's ...
Registered in 0.004199 seconds.
Begin MonoManager ReloadAssembly
Symbol file LoadedFromMemory doesn't match image E:\Unity\SCAVE\Library\PackageCache\com.unity.visualscripting@1.7.2\Editor\VisualScripting.Core\Dependencies\YamlDotNet\Unity.VisualScripting.YamlDotNet.dll
Symbol file LoadedFromMemory doesn't match image E:\Unity\SCAVE\Library\PackageCache\com.unity.visualscripting@1.7.2\Editor\VisualScripting.Core\Dependencies\DotNetZip\Unity.VisualScripting.IonicZip.dll
Native extension for WindowsStandalone target not found
Refreshing native plugins compatible for Editor in 1.47 ms, found 3 plugins.
Preloading 0 native plugins for Editor in 0.00 ms.
Warning: Annotation not found!
UnityEngine.StackTraceUtility:ExtractStackTrace ()
UnityEditor.ProBuilder.EditorUtility:SetGizmoIconEnabled (System.Type,bool) (at Library/PackageCache/com.unity.probuilder@5.0.3/Editor/EditorCore/EditorUtility.cs:575)
UnityEditor.ProBuilder.HierarchyListener:.cctor () (at Library/PackageCache/com.unity.probuilder@5.0.3/Editor/EditorCore/HierarchyListener.cs:21)
System.Runtime.CompilerServices.RuntimeHelpers:RunClassConstructor (System.RuntimeTypeHandle)
UnityEditor.EditorAssemblies:ProcessInitializeOnLoadAttributes (System.Type[])

[Library/PackageCache/com.unity.probuilder@5.0.3/Editor/EditorCore/EditorUtility.cs line 575]

Mono: successfully reloaded assembly
- Completed reload, in  1.429 seconds
Domain Reload Profiling:
	ReloadAssembly (1430ms)
		BeginReloadAssembly (140ms)
			ExecutionOrderSort (0ms)
			DisableScriptedObjects (5ms)
			BackupInstance (0ms)
			ReleaseScriptingObjects (0ms)
			CreateAndSetChildDomain (43ms)
		EndReloadAssembly (1195ms)
			LoadAssemblies (74ms)
			RebuildTransferFunctionScriptingTraits (0ms)
			SetupTypeCache (305ms)
			ReleaseScriptCaches (2ms)
			RebuildScriptCaches (70ms)
			SetupLoadedEditorAssemblies (610ms)
				LogAssemblyErrors (0ms)
				InitializePlatformSupportModulesInManaged (13ms)
				SetLoadedEditorAssemblies (0ms)
				RefreshPlugins (2ms)
				BeforeProcessingInitializeOnLoad (93ms)
				ProcessInitializeOnLoadAttributes (418ms)
				ProcessInitializeOnLoadMethodAttributes (72ms)
				AfterProcessingInitializeOnLoad (11ms)
				EditorAssembliesLoaded (0ms)
			ExecutionOrderSort2 (0ms)
			AwakeInstancesAfterBackupRestoration (16ms)
Platform modules already initialized, skipping
Refreshing native plugins compatible for Editor in 1.42 ms, found 3 plugins.
Preloading 0 native plugins for Editor in 0.00 ms.
Unloading 6094 Unused Serialized files (Serialized files now loaded: 0)
Unloading 47 unused Assets / (2.6 MB). Loaded Objects now: 6748.
Memory consumption went from 267.5 MB to 264.8 MB.
Total: 5.228400 ms (FindLiveObjects: 0.535400 ms CreateObjectMapping: 0.165100 ms MarkObjects: 3.738000 ms  DeleteObjects: 0.788500 ms)

AssetImportParameters requested are different than current active one (requested -> active):
  custom:video-decoder-ogg-theora: a1e56fd34408186e4bbccfd4996cb3dc -> 
  custom:container-muxer-webm: aa71ff27fc2769a1b78a27578f13a17b -> 
  custom:container-demuxer-webm: 4f35f7cbe854078d1ac9338744f61a02 -> 
  custom:video-encoder-webm-vp8: eb34c28f22e8b96e1ab97ce403110664 -> 
  custom:audio-encoder-webm-vorbis: bf7c407c2cedff20999df2af8eb42d56 -> 
  custom:framework-win-MediaFoundation: 216162199b28c13a410421893ffa2e32 -> 
  custom:container-demuxer-ogg: 62fdf1f143b41e24485cea50d1cbac27 -> 
  custom:video-decoder-webm-vp8: 9c59270c3fd7afecdb556c50c9e8de78 -> 
  custom:audio-decoder-ogg-vorbis: bf7c407c2cedff20999df2af8eb42d56 -> 
========================================================================
Received Prepare
Registering precompiled user dll's ...
Registered in 0.004122 seconds.
Begin MonoManager ReloadAssembly
Symbol file LoadedFromMemory doesn't match image E:\Unity\SCAVE\Library\PackageCache\com.unity.visualscripting@1.7.2\Editor\VisualScripting.Core\Dependencies\YamlDotNet\Unity.VisualScripting.YamlDotNet.dll
Symbol file LoadedFromMemory doesn't match image E:\Unity\SCAVE\Library\PackageCache\com.unity.visualscripting@1.7.2\Editor\VisualScripting.Core\Dependencies\DotNetZip\Unity.VisualScripting.IonicZip.dll
Native extension for WindowsStandalone target not found
Refreshing native plugins compatible for Editor in 1.79 ms, found 3 plugins.
Preloading 0 native plugins for Editor in 0.00 ms.
Warning: Annotation not found!
UnityEngine.StackTraceUtility:ExtractStackTrace ()
UnityEditor.ProBuilder.EditorUtility:SetGizmoIconEnabled (System.Type,bool) (at Library/PackageCache/com.unity.probuilder@5.0.3/Editor/EditorCore/EditorUtility.cs:575)
UnityEditor.ProBuilder.HierarchyListener:.cctor () (at Library/PackageCache/com.unity.probuilder@5.0.3/Editor/EditorCore/HierarchyListener.cs:21)
System.Runtime.CompilerServices.RuntimeHelpers:RunClassConstructor (System.RuntimeTypeHandle)
UnityEditor.EditorAssemblies:ProcessInitializeOnLoadAttributes (System.Type[])

[Library/PackageCache/com.unity.probuilder@5.0.3/Editor/EditorCore/EditorUtility.cs line 575]

Mono: successfully reloaded assembly
- Completed reload, in  1.342 seconds
Domain Reload Profiling:
	ReloadAssembly (1343ms)
		BeginReloadAssembly (149ms)
			ExecutionOrderSort (0ms)
			DisableScriptedObjects (5ms)
			BackupInstance (0ms)
			ReleaseScriptingObjects (0ms)
			CreateAndSetChildDomain (43ms)
		EndReloadAssembly (1095ms)
			LoadAssemblies (79ms)
			RebuildTransferFunctionScriptingTraits (0ms)
			SetupTypeCache (283ms)
			ReleaseScriptCaches (3ms)
			RebuildScriptCaches (62ms)
			SetupLoadedEditorAssemblies (543ms)
				LogAssemblyErrors (0ms)
				InitializePlatformSupportModulesInManaged (13ms)
				SetLoadedEditorAssemblies (0ms)
				RefreshPlugins (2ms)
				BeforeProcessingInitializeOnLoad (88ms)
				ProcessInitializeOnLoadAttributes (371ms)
				ProcessInitializeOnLoadMethodAttributes (61ms)
				AfterProcessingInitializeOnLoad (8ms)
				EditorAssembliesLoaded (0ms)
			ExecutionOrderSort2 (0ms)
			AwakeInstancesAfterBackupRestoration (11ms)
Platform modules already initialized, skipping
Refreshing native plugins compatible for Editor in 1.45 ms, found 3 plugins.
Preloading 0 native plugins for Editor in 0.00 ms.
Unloading 6094 Unused Serialized files (Serialized files now loaded: 0)
Unloading 47 unused Assets / (2.6 MB). Loaded Objects now: 6750.
Memory consumption went from 267.5 MB to 264.8 MB.
Total: 5.522400 ms (FindLiveObjects: 0.632000 ms CreateObjectMapping: 0.207900 ms MarkObjects: 3.992800 ms  DeleteObjects: 0.688200 ms)

AssetImportParameters requested are different than current active one (requested -> active):
  custom:video-decoder-ogg-theora: a1e56fd34408186e4bbccfd4996cb3dc -> 
  custom:container-muxer-webm: aa71ff27fc2769a1b78a27578f13a17b -> 
  custom:container-demuxer-webm: 4f35f7cbe854078d1ac9338744f61a02 -> 
  custom:video-encoder-webm-vp8: eb34c28f22e8b96e1ab97ce403110664 -> 
  custom:audio-encoder-webm-vorbis: bf7c407c2cedff20999df2af8eb42d56 -> 
  custom:framework-win-MediaFoundation: 216162199b28c13a410421893ffa2e32 -> 
  custom:container-demuxer-ogg: 62fdf1f143b41e24485cea50d1cbac27 -> 
  custom:video-decoder-webm-vp8: 9c59270c3fd7afecdb556c50c9e8de78 -> 
  custom:audio-decoder-ogg-vorbis: bf7c407c2cedff20999df2af8eb42d56 -> 
========================================================================
Received Prepare
Registering precompiled user dll's ...
Registered in 0.003954 seconds.
Begin MonoManager ReloadAssembly
Symbol file LoadedFromMemory doesn't match image E:\Unity\SCAVE\Library\PackageCache\com.unity.visualscripting@1.7.2\Editor\VisualScripting.Core\Dependencies\YamlDotNet\Unity.VisualScripting.YamlDotNet.dll
Symbol file LoadedFromMemory doesn't match image E:\Unity\SCAVE\Library\PackageCache\com.unity.visualscripting@1.7.2\Editor\VisualScripting.Core\Dependencies\DotNetZip\Unity.VisualScripting.IonicZip.dll
Native extension for WindowsStandalone target not found
Refreshing native plugins compatible for Editor in 1.84 ms, found 3 plugins.
Preloading 0 native plugins for Editor in 0.00 ms.
Warning: Annotation not found!
UnityEngine.StackTraceUtility:ExtractStackTrace ()
UnityEditor.ProBuilder.EditorUtility:SetGizmoIconEnabled (System.Type,bool) (at Library/PackageCache/com.unity.probuilder@5.0.3/Editor/EditorCore/EditorUtility.cs:575)
UnityEditor.ProBuilder.HierarchyListener:.cctor () (at Library/PackageCache/com.unity.probuilder@5.0.3/Editor/EditorCore/HierarchyListener.cs:21)
System.Runtime.CompilerServices.RuntimeHelpers:RunClassConstructor (System.RuntimeTypeHandle)
UnityEditor.EditorAssemblies:ProcessInitializeOnLoadAttributes (System.Type[])

[Library/PackageCache/com.unity.probuilder@5.0.3/Editor/EditorCore/EditorUtility.cs line 575]

Mono: successfully reloaded assembly
- Completed reload, in  1.405 seconds
Domain Reload Profiling:
	ReloadAssembly (1406ms)
		BeginReloadAssembly (133ms)
			ExecutionOrderSort (0ms)
			DisableScriptedObjects (5ms)
			BackupInstance (0ms)
			ReleaseScriptingObjects (0ms)
			CreateAndSetChildDomain (42ms)
		EndReloadAssembly (1170ms)
			LoadAssemblies (74ms)
			RebuildTransferFunctionScriptingTraits (0ms)
			SetupTypeCache (288ms)
			ReleaseScriptCaches (2ms)
			RebuildScriptCaches (72ms)
			SetupLoadedEditorAssemblies (602ms)
				LogAssemblyErrors (0ms)
				InitializePlatformSupportModulesInManaged (14ms)
				SetLoadedEditorAssemblies (0ms)
				RefreshPlugins (2ms)
				BeforeProcessingInitializeOnLoad (93ms)
				ProcessInitializeOnLoadAttributes (414ms)
				ProcessInitializeOnLoadMethodAttributes (68ms)
				AfterProcessingInitializeOnLoad (9ms)
				EditorAssembliesLoaded (0ms)
			ExecutionOrderSort2 (0ms)
			AwakeInstancesAfterBackupRestoration (15ms)
Platform modules already initialized, skipping
Refreshing native plugins compatible for Editor in 1.52 ms, found 3 plugins.
Preloading 0 native plugins for Editor in 0.00 ms.
Unloading 6094 Unused Serialized files (Serialized files now loaded: 0)
Unloading 47 unused Assets / (2.6 MB). Loaded Objects now: 6752.
Memory consumption went from 267.5 MB to 264.9 MB.
Total: 5.894400 ms (FindLiveObjects: 0.840900 ms CreateObjectMapping: 0.492800 ms MarkObjects: 3.890700 ms  DeleteObjects: 0.669000 ms)

AssetImportParameters requested are different than current active one (requested -> active):
  custom:video-decoder-ogg-theora: a1e56fd34408186e4bbccfd4996cb3dc -> 
  custom:container-muxer-webm: aa71ff27fc2769a1b78a27578f13a17b -> 
  custom:container-demuxer-webm: 4f35f7cbe854078d1ac9338744f61a02 -> 
  custom:video-encoder-webm-vp8: eb34c28f22e8b96e1ab97ce403110664 -> 
  custom:audio-encoder-webm-vorbis: bf7c407c2cedff20999df2af8eb42d56 -> 
  custom:framework-win-MediaFoundation: 216162199b28c13a410421893ffa2e32 -> 
  custom:container-demuxer-ogg: 62fdf1f143b41e24485cea50d1cbac27 -> 
  custom:video-decoder-webm-vp8: 9c59270c3fd7afecdb556c50c9e8de78 -> 
  custom:audio-decoder-ogg-vorbis: bf7c407c2cedff20999df2af8eb42d56 -> 
========================================================================
Received Prepare
Registering precompiled user dll's ...
Registered in 0.005147 seconds.
Begin MonoManager ReloadAssembly
Symbol file LoadedFromMemory doesn't match image E:\Unity\SCAVE\Library\PackageCache\com.unity.visualscripting@1.7.2\Editor\VisualScripting.Core\Dependencies\YamlDotNet\Unity.VisualScripting.YamlDotNet.dll
Symbol file LoadedFromMemory doesn't match image E:\Unity\SCAVE\Library\PackageCache\com.unity.visualscripting@1.7.2\Editor\VisualScripting.Core\Dependencies\DotNetZip\Unity.VisualScripting.IonicZip.dll
Native extension for WindowsStandalone target not found
Refreshing native plugins compatible for Editor in 1.40 ms, found 3 plugins.
Preloading 0 native plugins for Editor in 0.00 ms.
Warning: Annotation not found!
UnityEngine.StackTraceUtility:ExtractStackTrace ()
UnityEditor.ProBuilder.EditorUtility:SetGizmoIconEnabled (System.Type,bool) (at Library/PackageCache/com.unity.probuilder@5.0.3/Editor/EditorCore/EditorUtility.cs:575)
UnityEditor.ProBuilder.HierarchyListener:.cctor () (at Library/PackageCache/com.unity.probuilder@5.0.3/Editor/EditorCore/HierarchyListener.cs:21)
System.Runtime.CompilerServices.RuntimeHelpers:RunClassConstructor (System.RuntimeTypeHandle)
UnityEditor.EditorAssemblies:ProcessInitializeOnLoadAttributes (System.Type[])

[Library/PackageCache/com.unity.probuilder@5.0.3/Editor/EditorCore/EditorUtility.cs line 575]

Mono: successfully reloaded assembly
- Completed reload, in  1.347 seconds
Domain Reload Profiling:
	ReloadAssembly (1348ms)
		BeginReloadAssembly (136ms)
			ExecutionOrderSort (0ms)
			DisableScriptedObjects (4ms)
			BackupInstance (0ms)
			ReleaseScriptingObjects (0ms)
			CreateAndSetChildDomain (37ms)
		EndReloadAssembly (1119ms)
			LoadAssemblies (71ms)
			RebuildTransferFunctionScriptingTraits (0ms)
			SetupTypeCache (278ms)
			ReleaseScriptCaches (2ms)
			RebuildScriptCaches (61ms)
			SetupLoadedEditorAssemblies (576ms)
				LogAssemblyErrors (0ms)
				InitializePlatformSupportModulesInManaged (13ms)
				SetLoadedEditorAssemblies (0ms)
				RefreshPlugins (1ms)
				BeforeProcessingInitializeOnLoad (94ms)
				ProcessInitializeOnLoadAttributes (389ms)
				ProcessInitializeOnLoadMethodAttributes (66ms)
				AfterProcessingInitializeOnLoad (12ms)
				EditorAssembliesLoaded (0ms)
			ExecutionOrderSort2 (0ms)
			AwakeInstancesAfterBackupRestoration (13ms)
Platform modules already initialized, skipping
Refreshing native plugins compatible for Editor in 1.27 ms, found 3 plugins.
Preloading 0 native plugins for Editor in 0.00 ms.
Unloading 6094 Unused Serialized files (Serialized files now loaded: 0)
Unloading 47 unused Assets / (2.7 MB). Loaded Objects now: 6754.
Memory consumption went from 267.5 MB to 264.9 MB.
Total: 5.409900 ms (FindLiveObjects: 0.667800 ms CreateObjectMapping: 0.184600 ms MarkObjects: 3.851100 ms  DeleteObjects: 0.704500 ms)

AssetImportParameters requested are different than current active one (requested -> active):
  custom:video-decoder-ogg-theora: a1e56fd34408186e4bbccfd4996cb3dc -> 
  custom:container-muxer-webm: aa71ff27fc2769a1b78a27578f13a17b -> 
  custom:container-demuxer-webm: 4f35f7cbe854078d1ac9338744f61a02 -> 
  custom:video-encoder-webm-vp8: eb34c28f22e8b96e1ab97ce403110664 -> 
  custom:audio-encoder-webm-vorbis: bf7c407c2cedff20999df2af8eb42d56 -> 
  custom:framework-win-MediaFoundation: 216162199b28c13a410421893ffa2e32 -> 
  custom:container-demuxer-ogg: 62fdf1f143b41e24485cea50d1cbac27 -> 
  custom:video-decoder-webm-vp8: 9c59270c3fd7afecdb556c50c9e8de78 -> 
  custom:audio-decoder-ogg-vorbis: bf7c407c2cedff20999df2af8eb42d56 -> 
========================================================================
Received Prepare
Registering precompiled user dll's ...
Registered in 0.005058 seconds.
Begin MonoManager ReloadAssembly
Symbol file LoadedFromMemory doesn't match image E:\Unity\SCAVE\Library\PackageCache\com.unity.visualscripting@1.7.2\Editor\VisualScripting.Core\Dependencies\YamlDotNet\Unity.VisualScripting.YamlDotNet.dll
Symbol file LoadedFromMemory doesn't match image E:\Unity\SCAVE\Library\PackageCache\com.unity.visualscripting@1.7.2\Editor\VisualScripting.Core\Dependencies\DotNetZip\Unity.VisualScripting.IonicZip.dll
Native extension for WindowsStandalone target not found
Refreshing native plugins compatible for Editor in 1.26 ms, found 3 plugins.
Preloading 0 native plugins for Editor in 0.00 ms.
Warning: Annotation not found!
UnityEngine.StackTraceUtility:ExtractStackTrace ()
UnityEditor.ProBuilder.EditorUtility:SetGizmoIconEnabled (System.Type,bool) (at Library/PackageCache/com.unity.probuilder@5.0.3/Editor/EditorCore/EditorUtility.cs:575)
UnityEditor.ProBuilder.HierarchyListener:.cctor () (at Library/PackageCache/com.unity.probuilder@5.0.3/Editor/EditorCore/HierarchyListener.cs:21)
System.Runtime.CompilerServices.RuntimeHelpers:RunClassConstructor (System.RuntimeTypeHandle)
UnityEditor.EditorAssemblies:ProcessInitializeOnLoadAttributes (System.Type[])

[Library/PackageCache/com.unity.probuilder@5.0.3/Editor/EditorCore/EditorUtility.cs line 575]

Mono: successfully reloaded assembly
- Completed reload, in  1.425 seconds
Domain Reload Profiling:
	ReloadAssembly (1426ms)
		BeginReloadAssembly (133ms)
			ExecutionOrderSort (0ms)
			DisableScriptedObjects (4ms)
			BackupInstance (0ms)
			ReleaseScriptingObjects (0ms)
			CreateAndSetChildDomain (40ms)
		EndReloadAssembly (1194ms)
			LoadAssemblies (80ms)
			RebuildTransferFunctionScriptingTraits (0ms)
			SetupTypeCache (310ms)
			ReleaseScriptCaches (3ms)
			RebuildScriptCaches (71ms)
			SetupLoadedEditorAssemblies (602ms)
				LogAssemblyErrors (0ms)
				InitializePlatformSupportModulesInManaged (13ms)
				SetLoadedEditorAssemblies (0ms)
				RefreshPlugins (1ms)
				BeforeProcessingInitializeOnLoad (90ms)
				ProcessInitializeOnLoadAttributes (417ms)
				ProcessInitializeOnLoadMethodAttributes (70ms)
				AfterProcessingInitializeOnLoad (9ms)
				EditorAssembliesLoaded (0ms)
			ExecutionOrderSort2 (0ms)
			AwakeInstancesAfterBackupRestoration (14ms)
Platform modules already initialized, skipping
Refreshing native plugins compatible for Editor in 1.55 ms, found 3 plugins.
Preloading 0 native plugins for Editor in 0.00 ms.
Unloading 6094 Unused Serialized files (Serialized files now loaded: 0)
Unloading 47 unused Assets / (2.6 MB). Loaded Objects now: 6756.
Memory consumption went from 267.5 MB to 264.9 MB.
Total: 6.570800 ms (FindLiveObjects: 1.225300 ms CreateObjectMapping: 0.476900 ms MarkObjects: 4.164300 ms  DeleteObjects: 0.702900 ms)

AssetImportParameters requested are different than current active one (requested -> active):
  custom:video-decoder-ogg-theora: a1e56fd34408186e4bbccfd4996cb3dc -> 
  custom:container-muxer-webm: aa71ff27fc2769a1b78a27578f13a17b -> 
  custom:container-demuxer-webm: 4f35f7cbe854078d1ac9338744f61a02 -> 
  custom:video-encoder-webm-vp8: eb34c28f22e8b96e1ab97ce403110664 -> 
  custom:audio-encoder-webm-vorbis: bf7c407c2cedff20999df2af8eb42d56 -> 
  custom:framework-win-MediaFoundation: 216162199b28c13a410421893ffa2e32 -> 
  custom:container-demuxer-ogg: 62fdf1f143b41e24485cea50d1cbac27 -> 
  custom:video-decoder-webm-vp8: 9c59270c3fd7afecdb556c50c9e8de78 -> 
  custom:audio-decoder-ogg-vorbis: bf7c407c2cedff20999df2af8eb42d56 -> 
========================================================================
Received Prepare
Registering precompiled user dll's ...
Registered in 0.003959 seconds.
Begin MonoManager ReloadAssembly
Symbol file LoadedFromMemory doesn't match image E:\Unity\SCAVE\Library\PackageCache\com.unity.visualscripting@1.7.2\Editor\VisualScripting.Core\Dependencies\YamlDotNet\Unity.VisualScripting.YamlDotNet.dll
Symbol file LoadedFromMemory doesn't match image E:\Unity\SCAVE\Library\PackageCache\com.unity.visualscripting@1.7.2\Editor\VisualScripting.Core\Dependencies\DotNetZip\Unity.VisualScripting.IonicZip.dll
Native extension for WindowsStandalone target not found
Refreshing native plugins compatible for Editor in 1.69 ms, found 3 plugins.
Preloading 0 native plugins for Editor in 0.00 ms.
Warning: Annotation not found!
UnityEngine.StackTraceUtility:ExtractStackTrace ()
UnityEditor.ProBuilder.EditorUtility:SetGizmoIconEnabled (System.Type,bool) (at Library/PackageCache/com.unity.probuilder@5.0.3/Editor/EditorCore/EditorUtility.cs:575)
UnityEditor.ProBuilder.HierarchyListener:.cctor () (at Library/PackageCache/com.unity.probuilder@5.0.3/Editor/EditorCore/HierarchyListener.cs:21)
System.Runtime.CompilerServices.RuntimeHelpers:RunClassConstructor (System.RuntimeTypeHandle)
UnityEditor.EditorAssemblies:ProcessInitializeOnLoadAttributes (System.Type[])

[Library/PackageCache/com.unity.probuilder@5.0.3/Editor/EditorCore/EditorUtility.cs line 575]

Mono: successfully reloaded assembly
- Completed reload, in  1.367 seconds
Domain Reload Profiling:
	ReloadAssembly (1367ms)
		BeginReloadAssembly (129ms)
			ExecutionOrderSort (0ms)
			DisableScriptedObjects (5ms)
			BackupInstance (0ms)
			ReleaseScriptingObjects (0ms)
			CreateAndSetChildDomain (36ms)
		EndReloadAssembly (1149ms)
			LoadAssemblies (74ms)
			RebuildTransferFunctionScriptingTraits (0ms)
			SetupTypeCache (288ms)
			ReleaseScriptCaches (2ms)
			RebuildScriptCaches (66ms)
			SetupLoadedEditorAssemblies (582ms)
				LogAssemblyErrors (0ms)
				InitializePlatformSupportModulesInManaged (11ms)
				SetLoadedEditorAssemblies (0ms)
				RefreshPlugins (2ms)
				BeforeProcessingInitializeOnLoad (92ms)
				ProcessInitializeOnLoadAttributes (400ms)
				ProcessInitializeOnLoadMethodAttributes (67ms)
				AfterProcessingInitializeOnLoad (10ms)
				EditorAssembliesLoaded (0ms)
			ExecutionOrderSort2 (0ms)
			AwakeInstancesAfterBackupRestoration (13ms)
Platform modules already initialized, skipping
Refreshing native plugins compatible for Editor in 1.76 ms, found 3 plugins.
Preloading 0 native plugins for Editor in 0.00 ms.
Unloading 6094 Unused Serialized files (Serialized files now loaded: 0)
Unloading 47 unused Assets / (2.6 MB). Loaded Objects now: 6758.
Memory consumption went from 267.5 MB to 264.9 MB.
Total: 6.217600 ms (FindLiveObjects: 0.638200 ms CreateObjectMapping: 0.166100 ms MarkObjects: 4.598000 ms  DeleteObjects: 0.813700 ms)

AssetImportParameters requested are different than current active one (requested -> active):
  custom:video-decoder-ogg-theora: a1e56fd34408186e4bbccfd4996cb3dc -> 
  custom:container-muxer-webm: aa71ff27fc2769a1b78a27578f13a17b -> 
  custom:container-demuxer-webm: 4f35f7cbe854078d1ac9338744f61a02 -> 
  custom:video-encoder-webm-vp8: eb34c28f22e8b96e1ab97ce403110664 -> 
  custom:audio-encoder-webm-vorbis: bf7c407c2cedff20999df2af8eb42d56 -> 
  custom:framework-win-MediaFoundation: 216162199b28c13a410421893ffa2e32 -> 
  custom:container-demuxer-ogg: 62fdf1f143b41e24485cea50d1cbac27 -> 
  custom:video-decoder-webm-vp8: 9c59270c3fd7afecdb556c50c9e8de78 -> 
  custom:audio-decoder-ogg-vorbis: bf7c407c2cedff20999df2af8eb42d56 -> 
========================================================================
Received Import Request.
  Time since last request: 300.755985 seconds.
  path: Assets/Models/Mineables/Rocks & Ores/Ores/Small
  artifactKey: Guid(ae7f67839b813494e9aa5690c2266be2) Importer(815301076,1909f56bfc062723c751e8b465ee728b)
Start importing Assets/Models/Mineables/Rocks & Ores/Ores/Small using Guid(ae7f67839b813494e9aa5690c2266be2) Importer(815301076,1909f56bfc062723c751e8b465ee728b)  -> (artifact id: '4f226ba65afca0ced4d0cd74761bf328') in 0.014218 seconds 
========================================================================
Received Import Request.
  Time since last request: 0.731571 seconds.
  path: Assets/Models/Mineables/Rocks & Ores/Ores/Small 1
  artifactKey: Guid(5d877b2445a1e394fb39d46e6e75af9a) Importer(815301076,1909f56bfc062723c751e8b465ee728b)
Start importing Assets/Models/Mineables/Rocks & Ores/Ores/Small 1 using Guid(5d877b2445a1e394fb39d46e6e75af9a) Importer(815301076,1909f56bfc062723c751e8b465ee728b)  -> (artifact id: 'edb2ab8f699932317d40cf77115528fa') in 0.006642 seconds 
========================================================================
Received Import Request.
  Time since last request: 0.000030 seconds.
  path: Assets/Models/Mineables/Rocks & Ores/Ores/Ore2.fbx
  artifactKey: Guid(532788c369e551d44a067aa3c8bb182c) Importer(815301076,1909f56bfc062723c751e8b465ee728b)
Start importing Assets/Models/Mineables/Rocks & Ores/Ores/Ore2.fbx using Guid(532788c369e551d44a067aa3c8bb182c) Importer(815301076,1909f56bfc062723c751e8b465ee728b)  -> (artifact id: '26fc792c7813769707b3579640a8c1ca') in 0.269539 seconds 
========================================================================
Received Import Request.
  Time since last request: 0.000026 seconds.
  path: Assets/Models/Mineables/Rocks & Ores/Ores/Ore1.fbx
  artifactKey: Guid(8beff6b3bf60d5940abef1e0eb42fb70) Importer(815301076,1909f56bfc062723c751e8b465ee728b)
Start importing Assets/Models/Mineables/Rocks & Ores/Ores/Ore1.fbx using Guid(8beff6b3bf60d5940abef1e0eb42fb70) Importer(815301076,1909f56bfc062723c751e8b465ee728b)  -> (artifact id: '0616b8bdded80643e56b06e40b5589b2') in 0.018857 seconds 
========================================================================
Received Import Request.
  Time since last request: 0.000034 seconds.
  path: Assets/Models/Mineables/Rocks & Ores/Ores/Ore7.fbx
  artifactKey: Guid(78d8c60f364b56c468c7213af9ceda1e) Importer(815301076,1909f56bfc062723c751e8b465ee728b)
Start importing Assets/Models/Mineables/Rocks & Ores/Ores/Ore7.fbx using Guid(78d8c60f364b56c468c7213af9ceda1e) Importer(815301076,1909f56bfc062723c751e8b465ee728b)  -> (artifact id: 'a125f7db8bf34b5cf95f06ad26bdd78b') in 0.016088 seconds 
========================================================================
Received Import Request.
  Time since last request: 0.000024 seconds.
  path: Assets/Models/Mineables/Rocks & Ores/Ores/Ore3.fbx
  artifactKey: Guid(bb7152a7b4f594046ab64c75906b026b) Importer(815301076,1909f56bfc062723c751e8b465ee728b)
Start importing Assets/Models/Mineables/Rocks & Ores/Ores/Ore3.fbx using Guid(bb7152a7b4f594046ab64c75906b026b) Importer(815301076,1909f56bfc062723c751e8b465ee728b)  -> (artifact id: 'debafa2ead9977a24ee6f2fd6e1ff59c') in 0.021517 seconds 
========================================================================
Received Import Request.
  Time since last request: 3.045347 seconds.
  path: Assets/Models/Mineables/Rocks & Ores/Ores/Normal
  artifactKey: Guid(5d877b2445a1e394fb39d46e6e75af9a) Importer(815301076,1909f56bfc062723c751e8b465ee728b)
Start importing Assets/Models/Mineables/Rocks & Ores/Ores/Normal using Guid(5d877b2445a1e394fb39d46e6e75af9a) Importer(815301076,1909f56bfc062723c751e8b465ee728b)  -> (artifact id: 'd1781aa17c3939a93c73ce1c6d72533f') in 0.006523 seconds 
========================================================================
Received Import Request.
  Time since last request: 1.177012 seconds.
  path: Assets/Models/Mineables/Rocks & Ores/Ores/Normal 1
  artifactKey: Guid(7167cb888921312468d06f5764ae389c) Importer(815301076,1909f56bfc062723c751e8b465ee728b)
Start importing Assets/Models/Mineables/Rocks & Ores/Ores/Normal 1 using Guid(7167cb888921312468d06f5764ae389c) Importer(815301076,1909f56bfc062723c751e8b465ee728b)  -> (artifact id: 'f7bc764605b939abbcc424ef0dd1a5fc') in 0.005323 seconds 
========================================================================
Received Import Request.
  Time since last request: 2.511535 seconds.
  path: Assets/Models/Mineables/Rocks & Ores/Ores/Large
  artifactKey: Guid(7167cb888921312468d06f5764ae389c) Importer(815301076,1909f56bfc062723c751e8b465ee728b)
Start importing Assets/Models/Mineables/Rocks & Ores/Ores/Large using Guid(7167cb888921312468d06f5764ae389c) Importer(815301076,1909f56bfc062723c751e8b465ee728b)  -> (artifact id: 'f7463d545724825f5a4ca8aa041e92fb') in 0.005361 seconds 
========================================================================
Received Import Request.
  Time since last request: 109.932583 seconds.
  path: Assets/Models/Mineables/Rocks & Ores/Ores/Ore3.fbx
  artifactKey: Guid(bb7152a7b4f594046ab64c75906b026b) Importer(815301076,1909f56bfc062723c751e8b465ee728b)
Start importing Assets/Models/Mineables/Rocks & Ores/Ores/Ore3.fbx using Guid(bb7152a7b4f594046ab64c75906b026b) Importer(815301076,1909f56bfc062723c751e8b465ee728b)  -> (artifact id: 'f1811c01e7e2b34597588178d0f86d84') in 0.019173 seconds 
========================================================================
Received Import Request.
  Time since last request: 0.001567 seconds.
  path: Assets/Models/Mineables/Rocks & Ores/Ores/Ore7.fbx
  artifactKey: Guid(78d8c60f364b56c468c7213af9ceda1e) Importer(815301076,1909f56bfc062723c751e8b465ee728b)
Start importing Assets/Models/Mineables/Rocks & Ores/Ores/Ore7.fbx using Guid(78d8c60f364b56c468c7213af9ceda1e) Importer(815301076,1909f56bfc062723c751e8b465ee728b)  -> (artifact id: 'e77731011be11065cb221fa35c32f410') in 0.017165 seconds 
========================================================================
Received Import Request.
  Time since last request: 0.000034 seconds.
  path: Assets/Models/Mineables/Rocks & Ores/Ores/Ore8.fbx
  artifactKey: Guid(60c9c19ace4c522459fb5d2243213bd5) Importer(815301076,1909f56bfc062723c751e8b465ee728b)
Start importing Assets/Models/Mineables/Rocks & Ores/Ores/Ore8.fbx using Guid(60c9c19ace4c522459fb5d2243213bd5) Importer(815301076,1909f56bfc062723c751e8b465ee728b)  -> (artifact id: '26bcb9df4fd95e90d17130bfa5a9ee34') in 0.014871 seconds 
========================================================================
Received Import Request.
  Time since last request: 0.000032 seconds.
  path: Assets/Models/Mineables/Rocks & Ores/Ores/Ore9.fbx
  artifactKey: Guid(a0071168e779c6a4591fac5de3ee9957) Importer(815301076,1909f56bfc062723c751e8b465ee728b)
Start importing Assets/Models/Mineables/Rocks & Ores/Ores/Ore9.fbx using Guid(a0071168e779c6a4591fac5de3ee9957) Importer(815301076,1909f56bfc062723c751e8b465ee728b)  -> (artifact id: 'af62f70b0b8ac732ca7565d25fc86829') in 0.016227 seconds 
========================================================================
Received Import Request.
  Time since last request: 0.000021 seconds.
  path: Assets/Models/Mineables/Rocks & Ores/Ores/Ore10.fbx
  artifactKey: Guid(f5eb667268ae2ed40a94e47752030ce5) Importer(815301076,1909f56bfc062723c751e8b465ee728b)
Start importing Assets/Models/Mineables/Rocks & Ores/Ores/Ore10.fbx using Guid(f5eb667268ae2ed40a94e47752030ce5) Importer(815301076,1909f56bfc062723c751e8b465ee728b)  -> (artifact id: 'a8fc032c7a3430aa9a99756c2e6405bd') in 0.017144 seconds 
========================================================================
Received Import Request.
  Time since last request: 0.000036 seconds.
  path: Assets/Models/Mineables/Rocks & Ores/Ores/Ore5.fbx
  artifactKey: Guid(08746d293fd827e429733f5c209aee54) Importer(815301076,1909f56bfc062723c751e8b465ee728b)
Start importing Assets/Models/Mineables/Rocks & Ores/Ores/Ore5.fbx using Guid(08746d293fd827e429733f5c209aee54) Importer(815301076,1909f56bfc062723c751e8b465ee728b)  -> (artifact id: '594332a315915eae872aeeb6f2997776') in 0.017149 seconds 
========================================================================
Received Import Request.
  Time since last request: 0.000022 seconds.
  path: Assets/Models/Mineables/Rocks & Ores/Ores/Ore6.fbx
  artifactKey: Guid(a7d8b4930aed6ec4c9fa956479d8716a) Importer(815301076,1909f56bfc062723c751e8b465ee728b)
Start importing Assets/Models/Mineables/Rocks & Ores/Ores/Ore6.fbx using Guid(a7d8b4930aed6ec4c9fa956479d8716a) Importer(815301076,1909f56bfc062723c751e8b465ee728b)  -> (artifact id: 'e3e5da5b782f67c297056c11f8bcad04') in 0.022083 seconds 
========================================================================
Received Import Request.
  Time since last request: 3.065198 seconds.
  path: Assets/Models/Mineables/Rocks & Ores/Ores/Ore3.fbx
  artifactKey: Guid(bb7152a7b4f594046ab64c75906b026b) Importer(815301076,1909f56bfc062723c751e8b465ee728b)
Start importing Assets/Models/Mineables/Rocks & Ores/Ores/Ore3.fbx using Guid(bb7152a7b4f594046ab64c75906b026b) Importer(815301076,1909f56bfc062723c751e8b465ee728b)  -> (artifact id: 'e93fa13182d44aefae539d64c53c2b7f') in 0.014462 seconds 
========================================================================
Received Import Request.
  Time since last request: 0.000144 seconds.
  path: Assets/Models/Mineables/Rocks & Ores/Ores/Ore4.fbx
  artifactKey: Guid(f7f380d766b49b542be8acff1609e991) Importer(815301076,1909f56bfc062723c751e8b465ee728b)
Start importing Assets/Models/Mineables/Rocks & Ores/Ores/Ore4.fbx using Guid(f7f380d766b49b542be8acff1609e991) Importer(815301076,1909f56bfc062723c751e8b465ee728b)  -> (artifact id: '02d0fb87e408dff49e6000e56ae8421c') in 0.018276 seconds 
========================================================================
Received Import Request.
  Time since last request: 0.000027 seconds.
  path: Assets/Models/Mineables/Rocks & Ores/Ores/Ore8.fbx
  artifactKey: Guid(60c9c19ace4c522459fb5d2243213bd5) Importer(815301076,1909f56bfc062723c751e8b465ee728b)
Start importing Assets/Models/Mineables/Rocks & Ores/Ores/Ore8.fbx using Guid(60c9c19ace4c522459fb5d2243213bd5) Importer(815301076,1909f56bfc062723c751e8b465ee728b)  -> (artifact id: '9c982fb57400907df217e137aaca8fd5') in 0.014793 seconds 
========================================================================
Received Import Request.
  Time since last request: 0.000029 seconds.
  path: Assets/Models/Mineables/Rocks & Ores/Ores/Ore10.fbx
  artifactKey: Guid(f5eb667268ae2ed40a94e47752030ce5) Importer(815301076,1909f56bfc062723c751e8b465ee728b)
Start importing Assets/Models/Mineables/Rocks & Ores/Ores/Ore10.fbx using Guid(f5eb667268ae2ed40a94e47752030ce5) Importer(815301076,1909f56bfc062723c751e8b465ee728b)  -> (artifact id: 'e09fb045c021e2c19dada2697951a616') in 0.016408 seconds 
========================================================================
Received Import Request.
  Time since last request: 0.000021 seconds.
  path: Assets/Models/Mineables/Rocks & Ores/Ores/Ore6.fbx
  artifactKey: Guid(a7d8b4930aed6ec4c9fa956479d8716a) Importer(815301076,1909f56bfc062723c751e8b465ee728b)
Start importing Assets/Models/Mineables/Rocks & Ores/Ores/Ore6.fbx using Guid(a7d8b4930aed6ec4c9fa956479d8716a) Importer(815301076,1909f56bfc062723c751e8b465ee728b)  -> (artifact id: 'a7ca556d306e91bd373533d4b10f7b28') in 0.014748 seconds 
========================================================================
Received Import Request.
  Time since last request: 4.937164 seconds.
  path: Assets/Models/Mineables/Rocks & Ores/Ores/Ore3.fbx
  artifactKey: Guid(bb7152a7b4f594046ab64c75906b026b) Importer(815301076,1909f56bfc062723c751e8b465ee728b)
Start importing Assets/Models/Mineables/Rocks & Ores/Ores/Ore3.fbx using Guid(bb7152a7b4f594046ab64c75906b026b) Importer(815301076,1909f56bfc062723c751e8b465ee728b)  -> (artifact id: 'b0eb82fd44c67e12b15cf0a77b3db817') in 0.013460 seconds 
========================================================================
Received Import Request.
  Time since last request: 0.000019 seconds.
  path: Assets/Models/Mineables/Rocks & Ores/Ores/Ore4.fbx
  artifactKey: Guid(f7f380d766b49b542be8acff1609e991) Importer(815301076,1909f56bfc062723c751e8b465ee728b)
Start importing Assets/Models/Mineables/Rocks & Ores/Ores/Ore4.fbx using Guid(f7f380d766b49b542be8acff1609e991) Importer(815301076,1909f56bfc062723c751e8b465ee728b)  -> (artifact id: '46fc467f9013c8513554201e40541867') in 0.016231 seconds 
========================================================================
Received Import Request.
  Time since last request: 0.000017 seconds.
  path: Assets/Models/Mineables/Rocks & Ores/Ores/Ore9.fbx
  artifactKey: Guid(a0071168e779c6a4591fac5de3ee9957) Importer(815301076,1909f56bfc062723c751e8b465ee728b)
Start importing Assets/Models/Mineables/Rocks & Ores/Ores/Ore9.fbx using Guid(a0071168e779c6a4591fac5de3ee9957) Importer(815301076,1909f56bfc062723c751e8b465ee728b)  -> (artifact id: '5cbc8e0430032ce4721244a0c243dab0') in 0.015838 seconds 
========================================================================
Received Import Request.
  Time since last request: 0.000022 seconds.
  path: Assets/Models/Mineables/Rocks & Ores/Ores/Ore7.fbx
  artifactKey: Guid(78d8c60f364b56c468c7213af9ceda1e) Importer(815301076,1909f56bfc062723c751e8b465ee728b)
Start importing Assets/Models/Mineables/Rocks & Ores/Ores/Ore7.fbx using Guid(78d8c60f364b56c468c7213af9ceda1e) Importer(815301076,1909f56bfc062723c751e8b465ee728b)  -> (artifact id: 'f87234cb131a8504ca7aacd9df0c9b30') in 0.016341 seconds 
========================================================================
Received Import Request.
  Time since last request: 1.962836 seconds.
  path: Assets/Models/Mineables/Rocks & Ores/Ores/Ore1.fbx
  artifactKey: Guid(8beff6b3bf60d5940abef1e0eb42fb70) Importer(815301076,1909f56bfc062723c751e8b465ee728b)
Start importing Assets/Models/Mineables/Rocks & Ores/Ores/Ore1.fbx using Guid(8beff6b3bf60d5940abef1e0eb42fb70) Importer(815301076,1909f56bfc062723c751e8b465ee728b)  -> (artifact id: '74b3eeb4fc4b9dd3b3da1f4c14fd0944') in 0.015572 seconds 
========================================================================
Received Import Request.
  Time since last request: 7.729672 seconds.
  path: Assets/Models/Mineables/Rocks & Ores/Ores/Large/Ore0.fbx
  artifactKey: Guid(e46931e5fb541ca4a87fba28db805a06) Importer(815301076,1909f56bfc062723c751e8b465ee728b)
Start importing Assets/Models/Mineables/Rocks & Ores/Ores/Large/Ore0.fbx using Guid(e46931e5fb541ca4a87fba28db805a06) Importer(815301076,1909f56bfc062723c751e8b465ee728b)  -> (artifact id: 'e7782a67a7747c11982ac0b329fd5c21') in 0.013952 seconds 
========================================================================
Received Import Request.
  Time since last request: 62.228187 seconds.
  path: Assets/Models/Mineables/Rocks & Ores/Ores/Ore2.fbx
  artifactKey: Guid(532788c369e551d44a067aa3c8bb182c) Importer(815301076,1909f56bfc062723c751e8b465ee728b)
Start importing Assets/Models/Mineables/Rocks & Ores/Ores/Ore2.fbx using Guid(532788c369e551d44a067aa3c8bb182c) Importer(815301076,1909f56bfc062723c751e8b465ee728b)  -> (artifact id: '2181d66225085f47aa7ed98fd1a2b6aa') in 0.014909 seconds 
========================================================================
Received Import Request.
  Time since last request: 67.713248 seconds.
  path: Assets/Models/Mineables/Rocks & Ores/Stalgmites/Stalagmite3.fbx
  artifactKey: Guid(2424df910b911024bbf3b97966607584) Importer(815301076,1909f56bfc062723c751e8b465ee728b)
Start importing Assets/Models/Mineables/Rocks & Ores/Stalgmites/Stalagmite3.fbx using Guid(2424df910b911024bbf3b97966607584) Importer(815301076,1909f56bfc062723c751e8b465ee728b)  -> (artifact id: '2ebd07af4e25a20853174a863d347290') in 0.024363 seconds 
========================================================================
Received Import Request.
  Time since last request: 0.000021 seconds.
  path: Assets/Models/Mineables/Rocks & Ores/Stalgmites/Stalagmite5.fbx
  artifactKey: Guid(cfc17eed5b947134a9ba4f81f110afd9) Importer(815301076,1909f56bfc062723c751e8b465ee728b)
Start importing Assets/Models/Mineables/Rocks & Ores/Stalgmites/Stalagmite5.fbx using Guid(cfc17eed5b947134a9ba4f81f110afd9) Importer(815301076,1909f56bfc062723c751e8b465ee728b)  -> (artifact id: '44c102d0d714aed9320e6a9d3457fa24') in 0.021202 seconds 
Editor requested this worker to shutdown with reason: Scaling down because of idle timeout
AssetImportWorker is now disconnected from the server
Process exiting
Exiting without the bug reporter. Application will terminate with return code 0