Using pre-set license
Built from '2021.2/staging' branch; Version is '2021.2.1f1 (c20c6d589440) revision 12717165'; Using compiler version '192829333'; Build Type 'Release'
OS: 'Windows 10 Pro; OS build 19043.1288; Version 2009; 64bit' Language: 'en' Physical Memory: 16328 MB
BatchMode: 1, IsHumanControllingUs: 0, StartBugReporterOnCrash: 0, Is64bit: 1, IsPro: 0

COMMAND LINE ARGUMENTS:
C:\Program Files\Unity\Hub\Editor\2021.2.1f1\Editor\Unity.exe
-adb2
-batchMode
-noUpm
-name
AssetImportWorker1
-projectPath
E:/Unity/SCAVE
-logFile
Logs/AssetImportWorker1.log
-srvPort
62961
Successfully changed project path to: E:/Unity/SCAVE
E:/Unity/SCAVE
[UnityMemory] Configuration Parameters - Can be set up in boot.config
    "memorysetup-bucket-allocator-granularity=16"
    "memorysetup-bucket-allocator-bucket-count=8"
    "memorysetup-bucket-allocator-block-size=33554432"
    "memorysetup-bucket-allocator-block-count=8"
    "memorysetup-main-allocator-block-size=16777216"
    "memorysetup-thread-allocator-block-size=16777216"
    "memorysetup-gfx-main-allocator-block-size=16777216"
    "memorysetup-gfx-thread-allocator-block-size=16777216"
    "memorysetup-cache-allocator-block-size=4194304"
    "memorysetup-typetree-allocator-block-size=2097152"
    "memorysetup-profiler-bucket-allocator-granularity=16"
    "memorysetup-profiler-bucket-allocator-bucket-count=8"
    "memorysetup-profiler-bucket-allocator-block-size=33554432"
    "memorysetup-profiler-bucket-allocator-block-count=8"
    "memorysetup-profiler-allocator-block-size=16777216"
    "memorysetup-profiler-editor-allocator-block-size=1048576"
    "memorysetup-temp-allocator-size-main=16777216"
    "memorysetup-job-temp-allocator-block-size=2097152"
    "memorysetup-job-temp-allocator-block-size-background=1048576"
    "memorysetup-job-temp-allocator-reduction-small-platforms=262144"
    "memorysetup-temp-allocator-size-background-worker=32768"
    "memorysetup-temp-allocator-size-job-worker=262144"
    "memorysetup-temp-allocator-size-preload-manager=33554432"
    "memorysetup-temp-allocator-size-nav-mesh-worker=65536"
    "memorysetup-temp-allocator-size-audio-worker=65536"
    "memorysetup-temp-allocator-size-cloud-worker=32768"
    "memorysetup-temp-allocator-size-gi-baking-worker=262144"
    "memorysetup-temp-allocator-size-gfx=262144"
Refreshing native plugins compatible for Editor in 131.71 ms, found 3 plugins.
Preloading 0 native plugins for Editor in 0.00 ms.
Initialize engine version: 2021.2.1f1 (c20c6d589440)
[Subsystems] Discovering subsystems at path C:/Program Files/Unity/Hub/Editor/2021.2.1f1/Editor/Data/Resources/UnitySubsystems
[Subsystems] Discovering subsystems at path E:/Unity/SCAVE/Assets
GfxDevice: creating device client; threaded=0; jobified=0
Direct3D:
    Version:  Direct3D 11.0 [level 11.1]
    Renderer: NVIDIA GeForce RTX 2070 SUPER (ID=0x1e84)
    Vendor:   NVIDIA
    VRAM:     8011 MB
    Driver:   30.0.14.9613
Initialize mono
Mono path[0] = 'C:/Program Files/Unity/Hub/Editor/2021.2.1f1/Editor/Data/Managed'
Mono path[1] = 'C:/Program Files/Unity/Hub/Editor/2021.2.1f1/Editor/Data/MonoBleedingEdge/lib/mono/unityjit-win32'
Mono config path = 'C:/Program Files/Unity/Hub/Editor/2021.2.1f1/Editor/Data/MonoBleedingEdge/etc'
Using monoOptions --debugger-agent=transport=dt_socket,embedding=1,server=y,suspend=n,address=127.0.0.1:56224
Begin MonoManager ReloadAssembly
Registering precompiled unity dll's ...
Register platform support module: C:/Program Files/Unity/Hub/Editor/2021.2.1f1/Editor/Data/PlaybackEngines/WindowsStandaloneSupport/UnityEditor.WindowsStandalone.Extensions.dll
Registered in 0.008517 seconds.
Native extension for WindowsStandalone target not found
Refreshing native plugins compatible for Editor in 130.90 ms, found 3 plugins.
Preloading 0 native plugins for Editor in 0.00 ms.
Mono: successfully reloaded assembly
- Completed reload, in  1.155 seconds
Domain Reload Profiling:
	ReloadAssembly (1156ms)
		BeginReloadAssembly (73ms)
			ExecutionOrderSort (0ms)
			DisableScriptedObjects (0ms)
			BackupInstance (0ms)
			ReleaseScriptingObjects (0ms)
			CreateAndSetChildDomain (1ms)
		EndReloadAssembly (481ms)
			LoadAssemblies (71ms)
			RebuildTransferFunctionScriptingTraits (0ms)
			SetupTypeCache (95ms)
			ReleaseScriptCaches (0ms)
			RebuildScriptCaches (22ms)
			SetupLoadedEditorAssemblies (313ms)
				LogAssemblyErrors (0ms)
				InitializePlatformSupportModulesInManaged (6ms)
				SetLoadedEditorAssemblies (0ms)
				RefreshPlugins (131ms)
				BeforeProcessingInitializeOnLoad (1ms)
				ProcessInitializeOnLoadAttributes (131ms)
				ProcessInitializeOnLoadMethodAttributes (44ms)
				AfterProcessingInitializeOnLoad (0ms)
				EditorAssembliesLoaded (0ms)
			ExecutionOrderSort2 (0ms)
			AwakeInstancesAfterBackupRestoration (0ms)
Platform modules already initialized, skipping
Registering precompiled user dll's ...
Registered in 0.005970 seconds.
Begin MonoManager ReloadAssembly
Symbol file LoadedFromMemory doesn't match image E:\Unity\SCAVE\Library\PackageCache\com.unity.visualscripting@1.7.2\Editor\VisualScripting.Core\Dependencies\YamlDotNet\Unity.VisualScripting.YamlDotNet.dll
Symbol file LoadedFromMemory doesn't match image E:\Unity\SCAVE\Library\PackageCache\com.unity.visualscripting@1.7.2\Editor\VisualScripting.Core\Dependencies\DotNetZip\Unity.VisualScripting.IonicZip.dll
Native extension for WindowsStandalone target not found
Refreshing native plugins compatible for Editor in 133.00 ms, found 3 plugins.
Preloading 0 native plugins for Editor in 0.00 ms.
Mono: successfully reloaded assembly
- Completed reload, in  2.425 seconds
Domain Reload Profiling:
	ReloadAssembly (2426ms)
		BeginReloadAssembly (164ms)
			ExecutionOrderSort (0ms)
			DisableScriptedObjects (6ms)
			BackupInstance (0ms)
			ReleaseScriptingObjects (0ms)
			CreateAndSetChildDomain (20ms)
		EndReloadAssembly (2160ms)
			LoadAssemblies (81ms)
			RebuildTransferFunctionScriptingTraits (0ms)
			SetupTypeCache (334ms)
			ReleaseScriptCaches (1ms)
			RebuildScriptCaches (133ms)
			SetupLoadedEditorAssemblies (1382ms)
				LogAssemblyErrors (0ms)
				InitializePlatformSupportModulesInManaged (11ms)
				SetLoadedEditorAssemblies (0ms)
				RefreshPlugins (133ms)
				BeforeProcessingInitializeOnLoad (120ms)
				ProcessInitializeOnLoadAttributes (1063ms)
				ProcessInitializeOnLoadMethodAttributes (46ms)
				AfterProcessingInitializeOnLoad (8ms)
				EditorAssembliesLoaded (0ms)
			ExecutionOrderSort2 (0ms)
			AwakeInstancesAfterBackupRestoration (5ms)
Platform modules already initialized, skipping
========================================================================
Worker process is ready to serve import requests
Launched and connected shader compiler UnityShaderCompiler.exe after 0.06 seconds
Refreshing native plugins compatible for Editor in 1.16 ms, found 3 plugins.
Preloading 0 native plugins for Editor in 0.00 ms.
Unloading 6300 Unused Serialized files (Serialized files now loaded: 0)
Unloading 168 unused Assets / (2.7 MB). Loaded Objects now: 6713.
Memory consumption went from 262.5 MB to 259.8 MB.
Total: 5.363100 ms (FindLiveObjects: 0.519300 ms CreateObjectMapping: 0.173300 ms MarkObjects: 3.840300 ms  DeleteObjects: 0.828500 ms)

AssetImportParameters requested are different than current active one (requested -> active):
  custom:video-decoder-ogg-theora: a1e56fd34408186e4bbccfd4996cb3dc -> 
  custom:container-muxer-webm: aa71ff27fc2769a1b78a27578f13a17b -> 
  custom:container-demuxer-webm: 4f35f7cbe854078d1ac9338744f61a02 -> 
  custom:video-encoder-webm-vp8: eb34c28f22e8b96e1ab97ce403110664 -> 
  custom:audio-encoder-webm-vorbis: bf7c407c2cedff20999df2af8eb42d56 -> 
  custom:framework-win-MediaFoundation: 216162199b28c13a410421893ffa2e32 -> 
  custom:container-demuxer-ogg: 62fdf1f143b41e24485cea50d1cbac27 -> 
  custom:video-decoder-webm-vp8: 9c59270c3fd7afecdb556c50c9e8de78 -> 
  custom:audio-decoder-ogg-vorbis: bf7c407c2cedff20999df2af8eb42d56 -> 
========================================================================
Received Import Request.
  Time since last request: 423816.576426 seconds.
  path: Assets/Models/PurePoly/Mining_Free_Assets/Prefabs/PP_Barrel_03.prefab
  artifactKey: Guid(7636ce4d333d86b4f9da6559a4d8399a) Importer(815301076,1909f56bfc062723c751e8b465ee728b)
Start importing Assets/Models/PurePoly/Mining_Free_Assets/Prefabs/PP_Barrel_03.prefab using Guid(7636ce4d333d86b4f9da6559a4d8399a) Importer(815301076,1909f56bfc062723c751e8b465ee728b)  -> (artifact id: 'e27d2c861a8e1ec74a1b95d03056c582') in 0.241309 seconds 
========================================================================
Received Import Request.
  Time since last request: 0.000038 seconds.
  path: Assets/Models/PurePoly/Mining_Free_Assets/Prefabs/PP_Pickaxe_Used_04_Iron.prefab
  artifactKey: Guid(2ce7f3f60a7219d478bdc624979d8024) Importer(815301076,1909f56bfc062723c751e8b465ee728b)
Start importing Assets/Models/PurePoly/Mining_Free_Assets/Prefabs/PP_Pickaxe_Used_04_Iron.prefab using Guid(2ce7f3f60a7219d478bdc624979d8024) Importer(815301076,1909f56bfc062723c751e8b465ee728b)  -> (artifact id: '095370666e066de972f34ffb253357ed') in 0.014639 seconds 
========================================================================
Received Import Request.
  Time since last request: 0.000028 seconds.
  path: Assets/Models/PurePoly/Mining_Free_Assets/Prefabs/PP_Shovel_Used_03_Iron.prefab
  artifactKey: Guid(a8d1317027e9eb24b8544ccf6085320d) Importer(815301076,1909f56bfc062723c751e8b465ee728b)
Start importing Assets/Models/PurePoly/Mining_Free_Assets/Prefabs/PP_Shovel_Used_03_Iron.prefab using Guid(a8d1317027e9eb24b8544ccf6085320d) Importer(815301076,1909f56bfc062723c751e8b465ee728b)  -> (artifact id: '767479fd21f8d6faec049a1ece64549c') in 0.016680 seconds 
========================================================================
Received Import Request.
  Time since last request: 0.000026 seconds.
  path: Assets/Models/PurePoly/Mining_Free_Assets/Prefabs/PP_Gemstone_13_Blue.prefab
  artifactKey: Guid(305a388b6539d3041a283b76508de030) Importer(815301076,1909f56bfc062723c751e8b465ee728b)
Start importing Assets/Models/PurePoly/Mining_Free_Assets/Prefabs/PP_Gemstone_13_Blue.prefab using Guid(305a388b6539d3041a283b76508de030) Importer(815301076,1909f56bfc062723c751e8b465ee728b)  -> (artifact id: '38751927cbd8d8234deaea93d052ce1b') in 0.013147 seconds 
========================================================================
Received Import Request.
  Time since last request: 0.000051 seconds.
  path: Assets/Models/PurePoly/Mining_Free_Assets/Prefabs/PP_Gemstone_07_Gold.prefab
  artifactKey: Guid(53168ceb81c92934d9d8edab7fef6d9e) Importer(815301076,1909f56bfc062723c751e8b465ee728b)
Start importing Assets/Models/PurePoly/Mining_Free_Assets/Prefabs/PP_Gemstone_07_Gold.prefab using Guid(53168ceb81c92934d9d8edab7fef6d9e) Importer(815301076,1909f56bfc062723c751e8b465ee728b)  -> (artifact id: 'eb8dcbf75c8b3aade306745fd4470021') in 0.014480 seconds 
========================================================================
Received Import Request.
  Time since last request: 0.000057 seconds.
  path: Assets/Models/PurePoly/Mining_Free_Assets/Prefabs/PP_Gemstone_05_Green.prefab
  artifactKey: Guid(d9449dcf4f9e2a64e84d9337dcb438eb) Importer(815301076,1909f56bfc062723c751e8b465ee728b)
Start importing Assets/Models/PurePoly/Mining_Free_Assets/Prefabs/PP_Gemstone_05_Green.prefab using Guid(d9449dcf4f9e2a64e84d9337dcb438eb) Importer(815301076,1909f56bfc062723c751e8b465ee728b)  -> (artifact id: 'bd247fa3b28528824e881d830d9c0a68') in 0.013820 seconds 
========================================================================
Received Import Request.
  Time since last request: 0.000030 seconds.
  path: Assets/Models/PurePoly/Mining_Free_Assets/Prefabs/PP_Gemstone_07_Copper.prefab
  artifactKey: Guid(4bb5291a21fb70a42ba663daf3777d33) Importer(815301076,1909f56bfc062723c751e8b465ee728b)
Start importing Assets/Models/PurePoly/Mining_Free_Assets/Prefabs/PP_Gemstone_07_Copper.prefab using Guid(4bb5291a21fb70a42ba663daf3777d33) Importer(815301076,1909f56bfc062723c751e8b465ee728b)  -> (artifact id: 'b9186b44f28a7f99774737d7554afd68') in 0.015184 seconds 
========================================================================
Received Import Request.
  Time since last request: 0.000026 seconds.
  path: Assets/Models/PurePoly/Mining_Free_Assets/Prefabs/PP_Paper_Roll_01.prefab
  artifactKey: Guid(5e435f285f3d011488dbec2c20cb435d) Importer(815301076,1909f56bfc062723c751e8b465ee728b)
Start importing Assets/Models/PurePoly/Mining_Free_Assets/Prefabs/PP_Paper_Roll_01.prefab using Guid(5e435f285f3d011488dbec2c20cb435d) Importer(815301076,1909f56bfc062723c751e8b465ee728b)  -> (artifact id: '5745534200ded17d9cbf41d6dcb83fe4') in 0.018467 seconds 
========================================================================
Received Prepare
Refreshing native plugins compatible for Editor in 3.64 ms, found 3 plugins.
Preloading 0 native plugins for Editor in 0.00 ms.
Unloading 40 Unused Serialized files (Serialized files now loaded: 0)
Unloading 41 unused Assets / (2.7 MB). Loaded Objects now: 6800.
Memory consumption went from 129.4 MB to 126.8 MB.
Total: 5.405700 ms (FindLiveObjects: 0.499900 ms CreateObjectMapping: 0.171100 ms MarkObjects: 3.881400 ms  DeleteObjects: 0.852400 ms)

AssetImportParameters requested are different than current active one (requested -> active):
  custom:video-decoder-ogg-theora: a1e56fd34408186e4bbccfd4996cb3dc -> 
  custom:container-muxer-webm: aa71ff27fc2769a1b78a27578f13a17b -> 
  custom:container-demuxer-webm: 4f35f7cbe854078d1ac9338744f61a02 -> 
  custom:srp/default-shader: 00a0da0d000000000000000000000000 -> 0000e00a000e0de00000e000e0000000
  custom:video-encoder-webm-vp8: eb34c28f22e8b96e1ab97ce403110664 -> 
  custom:audio-encoder-webm-vorbis: bf7c407c2cedff20999df2af8eb42d56 -> 
  custom:framework-win-MediaFoundation: 216162199b28c13a410421893ffa2e32 -> 
  custom:container-demuxer-ogg: 62fdf1f143b41e24485cea50d1cbac27 -> 
  custom:video-decoder-webm-vp8: 9c59270c3fd7afecdb556c50c9e8de78 -> 
  custom:audio-decoder-ogg-vorbis: bf7c407c2cedff20999df2af8eb42d56 -> 
========================================================================
Received Prepare
Refreshing native plugins compatible for Editor in 4.05 ms, found 3 plugins.
Preloading 0 native plugins for Editor in 0.00 ms.
Unloading 41 Unused Serialized files (Serialized files now loaded: 0)
Unloading 41 unused Assets / (2.7 MB). Loaded Objects now: 6800.
Memory consumption went from 129.5 MB to 126.9 MB.
Total: 5.169900 ms (FindLiveObjects: 0.514200 ms CreateObjectMapping: 0.173200 ms MarkObjects: 3.829600 ms  DeleteObjects: 0.651800 ms)

AssetImportParameters requested are different than current active one (requested -> active):
  custom:video-decoder-ogg-theora: a1e56fd34408186e4bbccfd4996cb3dc -> 
  custom:container-muxer-webm: aa71ff27fc2769a1b78a27578f13a17b -> 
  custom:container-demuxer-webm: 4f35f7cbe854078d1ac9338744f61a02 -> 
  custom:video-encoder-webm-vp8: eb34c28f22e8b96e1ab97ce403110664 -> 
  custom:audio-encoder-webm-vorbis: bf7c407c2cedff20999df2af8eb42d56 -> 
  custom:framework-win-MediaFoundation: 216162199b28c13a410421893ffa2e32 -> 
  custom:container-demuxer-ogg: 62fdf1f143b41e24485cea50d1cbac27 -> 
  custom:video-decoder-webm-vp8: 9c59270c3fd7afecdb556c50c9e8de78 -> 
  custom:audio-decoder-ogg-vorbis: bf7c407c2cedff20999df2af8eb42d56 -> 
========================================================================
Received Import Request.
  Time since last request: 483.280186 seconds.
  path: Assets/Models/PurePoly/Mining_Free_Assets/Materials/PP_Standard_Material.mat
  artifactKey: Guid(e74ba8446dfb56c478c015016ae5e316) Importer(815301076,1909f56bfc062723c751e8b465ee728b)
Start importing Assets/Models/PurePoly/Mining_Free_Assets/Materials/PP_Standard_Material.mat using Guid(e74ba8446dfb56c478c015016ae5e316) Importer(815301076,1909f56bfc062723c751e8b465ee728b)  -> (artifact id: '186d1d83579a48edd93bebf3e288999f') in 0.050730 seconds 
========================================================================
Received Import Request.
  Time since last request: 326.961588 seconds.
  path: Assets/Items/Prefabs/Iron nugget.prefab
  artifactKey: Guid(249e4d7046ab06a4582afdacc8213bad) Importer(815301076,1909f56bfc062723c751e8b465ee728b)
Start importing Assets/Items/Prefabs/Iron nugget.prefab using Guid(249e4d7046ab06a4582afdacc8213bad) Importer(815301076,1909f56bfc062723c751e8b465ee728b)  -> (artifact id: 'd71c94226648af3795965394dbfef73a') in 0.015322 seconds 
========================================================================
Received Import Request.
  Time since last request: 58.912507 seconds.
  path: Assets/Downloaded/PurePoly/Mining_Free_Assets/Meshes/PP_Barrel_03.fbx
  artifactKey: Guid(a589f20d43e64cb4f9c5af4d1626b382) Importer(815301076,1909f56bfc062723c751e8b465ee728b)
Start importing Assets/Downloaded/PurePoly/Mining_Free_Assets/Meshes/PP_Barrel_03.fbx using Guid(a589f20d43e64cb4f9c5af4d1626b382) Importer(815301076,1909f56bfc062723c751e8b465ee728b)  -> (artifact id: '098b272e549b91768214e838a636c62e') in 0.063481 seconds 
========================================================================
Received Import Request.
  Time since last request: 0.000031 seconds.
  path: Assets/Downloaded/PurePoly/Mining_Free_Assets/Meshes/PP_Gemstone_05_Green.fbx
  artifactKey: Guid(efd9a683f7ac81048922b0a9e35134f3) Importer(815301076,1909f56bfc062723c751e8b465ee728b)
Start importing Assets/Downloaded/PurePoly/Mining_Free_Assets/Meshes/PP_Gemstone_05_Green.fbx using Guid(efd9a683f7ac81048922b0a9e35134f3) Importer(815301076,1909f56bfc062723c751e8b465ee728b)  -> (artifact id: 'a1ca9ab7f14eccec33bb57f45ad6647c') in 0.021885 seconds 
========================================================================
Received Import Request.
  Time since last request: 0.000034 seconds.
  path: Assets/Downloaded/PurePoly/Mining_Free_Assets/Meshes/PP_Paper_Roll_01.fbx
  artifactKey: Guid(e84cd0aa897d65a4eaf611ba2857f85c) Importer(815301076,1909f56bfc062723c751e8b465ee728b)
Start importing Assets/Downloaded/PurePoly/Mining_Free_Assets/Meshes/PP_Paper_Roll_01.fbx using Guid(e84cd0aa897d65a4eaf611ba2857f85c) Importer(815301076,1909f56bfc062723c751e8b465ee728b)  -> (artifact id: 'b6f4c9d7987d24c810643e2000693d15') in 0.019109 seconds 
========================================================================
Received Import Request.
  Time since last request: 0.000021 seconds.
  path: Assets/Downloaded/PurePoly/Mining_Free_Assets/Meshes/PP_Stone_Crystal_02_Gold.fbx
  artifactKey: Guid(796a54e0e80758941867f0b2fde99e56) Importer(815301076,1909f56bfc062723c751e8b465ee728b)
Start importing Assets/Downloaded/PurePoly/Mining_Free_Assets/Meshes/PP_Stone_Crystal_02_Gold.fbx using Guid(796a54e0e80758941867f0b2fde99e56) Importer(815301076,1909f56bfc062723c751e8b465ee728b)  -> (artifact id: '1d3ae9722d540140c9356ddbaaf20406') in 0.019313 seconds 
========================================================================
Received Import Request.
  Time since last request: 0.000022 seconds.
  path: Assets/Downloaded/PurePoly/Mining_Free_Assets/Meshes/PP_Horse_Cart_Used_02.fbx
  artifactKey: Guid(bbe5a9d802a37f740b65d9ab3b3956a2) Importer(815301076,1909f56bfc062723c751e8b465ee728b)
Start importing Assets/Downloaded/PurePoly/Mining_Free_Assets/Meshes/PP_Horse_Cart_Used_02.fbx using Guid(bbe5a9d802a37f740b65d9ab3b3956a2) Importer(815301076,1909f56bfc062723c751e8b465ee728b)  -> (artifact id: '249ce578a064d2233b634de80132555b') in 0.038686 seconds 
========================================================================
Received Import Request.
  Time since last request: 0.000021 seconds.
  path: Assets/Downloaded/PurePoly/Mining_Free_Assets/Meshes/PP_Shovel_Used_03_Iron.fbx
  artifactKey: Guid(48e234b9a1954e940b08e1411f7b33d2) Importer(815301076,1909f56bfc062723c751e8b465ee728b)
Start importing Assets/Downloaded/PurePoly/Mining_Free_Assets/Meshes/PP_Shovel_Used_03_Iron.fbx using Guid(48e234b9a1954e940b08e1411f7b33d2) Importer(815301076,1909f56bfc062723c751e8b465ee728b)  -> (artifact id: '1509f6fde0f1f9f7724409d8e9f8b192') in 0.021013 seconds 
========================================================================
Received Import Request.
  Time since last request: 0.000026 seconds.
  path: Assets/Downloaded/PurePoly/Mining_Free_Assets/Meshes/PP_Gemstone_07_Copper.fbx
  artifactKey: Guid(43f971c57f729de4d9f1dc7ea39d9253) Importer(815301076,1909f56bfc062723c751e8b465ee728b)
Start importing Assets/Downloaded/PurePoly/Mining_Free_Assets/Meshes/PP_Gemstone_07_Copper.fbx using Guid(43f971c57f729de4d9f1dc7ea39d9253) Importer(815301076,1909f56bfc062723c751e8b465ee728b)  -> (artifact id: '4e8c1b0d09252169fbfdafaed578babd') in 0.018163 seconds 
========================================================================
Received Import Request.
  Time since last request: 0.000023 seconds.
  path: Assets/Downloaded/PurePoly/Mining_Free_Assets/Meshes/PP_Crate_Wooden_03.fbx
  artifactKey: Guid(3aff48fd78e9680478afdfd2f03682c4) Importer(815301076,1909f56bfc062723c751e8b465ee728b)
Start importing Assets/Downloaded/PurePoly/Mining_Free_Assets/Meshes/PP_Crate_Wooden_03.fbx using Guid(3aff48fd78e9680478afdfd2f03682c4) Importer(815301076,1909f56bfc062723c751e8b465ee728b)  -> (artifact id: '1c6d3178437c3e9c5f64119a79c60e69') in 0.017801 seconds 
Editor requested this worker to shutdown with reason: Scaling down because of idle timeout
AssetImportWorker is now disconnected from the server
Process exiting
Exiting without the bug reporter. Application will terminate with return code 0