Using pre-set license
Built from '2021.2/staging' branch; Version is '2021.2.1f1 (c20c6d589440) revision 12717165'; Using compiler version '192829333'; Build Type 'Release'
OS: 'Windows 10 Pro; OS build 19043.1288; Version 2009; 64bit' Language: 'en' Physical Memory: 16328 MB
BatchMode: 1, IsHumanControllingUs: 0, StartBugReporterOnCrash: 0, Is64bit: 1, IsPro: 0

COMMAND LINE ARGUMENTS:
C:\Program Files\Unity\Hub\Editor\2021.2.1f1\Editor\Unity.exe
-adb2
-batchMode
-noUpm
-name
AssetImportWorker0
-projectPath
E:/Unity/SCAVE
-logFile
Logs/AssetImportWorker0.log
-srvPort
62961
Successfully changed project path to: E:/Unity/SCAVE
E:/Unity/SCAVE
[UnityMemory] Configuration Parameters - Can be set up in boot.config
    "memorysetup-bucket-allocator-granularity=16"
    "memorysetup-bucket-allocator-bucket-count=8"
    "memorysetup-bucket-allocator-block-size=33554432"
    "memorysetup-bucket-allocator-block-count=8"
    "memorysetup-main-allocator-block-size=16777216"
    "memorysetup-thread-allocator-block-size=16777216"
    "memorysetup-gfx-main-allocator-block-size=16777216"
    "memorysetup-gfx-thread-allocator-block-size=16777216"
    "memorysetup-cache-allocator-block-size=4194304"
    "memorysetup-typetree-allocator-block-size=2097152"
    "memorysetup-profiler-bucket-allocator-granularity=16"
    "memorysetup-profiler-bucket-allocator-bucket-count=8"
    "memorysetup-profiler-bucket-allocator-block-size=33554432"
    "memorysetup-profiler-bucket-allocator-block-count=8"
    "memorysetup-profiler-allocator-block-size=16777216"
    "memorysetup-profiler-editor-allocator-block-size=1048576"
    "memorysetup-temp-allocator-size-main=16777216"
    "memorysetup-job-temp-allocator-block-size=2097152"
    "memorysetup-job-temp-allocator-block-size-background=1048576"
    "memorysetup-job-temp-allocator-reduction-small-platforms=262144"
    "memorysetup-temp-allocator-size-background-worker=32768"
    "memorysetup-temp-allocator-size-job-worker=262144"
    "memorysetup-temp-allocator-size-preload-manager=33554432"
    "memorysetup-temp-allocator-size-nav-mesh-worker=65536"
    "memorysetup-temp-allocator-size-audio-worker=65536"
    "memorysetup-temp-allocator-size-cloud-worker=32768"
    "memorysetup-temp-allocator-size-gi-baking-worker=262144"
    "memorysetup-temp-allocator-size-gfx=262144"
Refreshing native plugins compatible for Editor in 132.64 ms, found 3 plugins.
Preloading 0 native plugins for Editor in 0.00 ms.
Initialize engine version: 2021.2.1f1 (c20c6d589440)
[Subsystems] Discovering subsystems at path C:/Program Files/Unity/Hub/Editor/2021.2.1f1/Editor/Data/Resources/UnitySubsystems
[Subsystems] Discovering subsystems at path E:/Unity/SCAVE/Assets
GfxDevice: creating device client; threaded=0; jobified=0
Direct3D:
    Version:  Direct3D 11.0 [level 11.1]
    Renderer: NVIDIA GeForce RTX 2070 SUPER (ID=0x1e84)
    Vendor:   NVIDIA
    VRAM:     8011 MB
    Driver:   30.0.14.9613
Initialize mono
Mono path[0] = 'C:/Program Files/Unity/Hub/Editor/2021.2.1f1/Editor/Data/Managed'
Mono path[1] = 'C:/Program Files/Unity/Hub/Editor/2021.2.1f1/Editor/Data/MonoBleedingEdge/lib/mono/unityjit-win32'
Mono config path = 'C:/Program Files/Unity/Hub/Editor/2021.2.1f1/Editor/Data/MonoBleedingEdge/etc'
Using monoOptions --debugger-agent=transport=dt_socket,embedding=1,server=y,suspend=n,address=127.0.0.1:56464
Begin MonoManager ReloadAssembly
Registering precompiled unity dll's ...
Register platform support module: C:/Program Files/Unity/Hub/Editor/2021.2.1f1/Editor/Data/PlaybackEngines/WindowsStandaloneSupport/UnityEditor.WindowsStandalone.Extensions.dll
Registered in 0.008313 seconds.
Native extension for WindowsStandalone target not found
Refreshing native plugins compatible for Editor in 131.87 ms, found 3 plugins.
Preloading 0 native plugins for Editor in 0.00 ms.
Mono: successfully reloaded assembly
- Completed reload, in  1.156 seconds
Domain Reload Profiling:
	ReloadAssembly (1156ms)
		BeginReloadAssembly (73ms)
			ExecutionOrderSort (0ms)
			DisableScriptedObjects (0ms)
			BackupInstance (0ms)
			ReleaseScriptingObjects (0ms)
			CreateAndSetChildDomain (1ms)
		EndReloadAssembly (482ms)
			LoadAssemblies (71ms)
			RebuildTransferFunctionScriptingTraits (0ms)
			SetupTypeCache (95ms)
			ReleaseScriptCaches (0ms)
			RebuildScriptCaches (21ms)
			SetupLoadedEditorAssemblies (315ms)
				LogAssemblyErrors (0ms)
				InitializePlatformSupportModulesInManaged (6ms)
				SetLoadedEditorAssemblies (0ms)
				RefreshPlugins (132ms)
				BeforeProcessingInitializeOnLoad (1ms)
				ProcessInitializeOnLoadAttributes (132ms)
				ProcessInitializeOnLoadMethodAttributes (44ms)
				AfterProcessingInitializeOnLoad (0ms)
				EditorAssembliesLoaded (0ms)
			ExecutionOrderSort2 (0ms)
			AwakeInstancesAfterBackupRestoration (0ms)
Platform modules already initialized, skipping
Registering precompiled user dll's ...
Registered in 0.005827 seconds.
Begin MonoManager ReloadAssembly
Symbol file LoadedFromMemory doesn't match image E:\Unity\SCAVE\Library\PackageCache\com.unity.visualscripting@1.7.2\Editor\VisualScripting.Core\Dependencies\YamlDotNet\Unity.VisualScripting.YamlDotNet.dll
Symbol file LoadedFromMemory doesn't match image E:\Unity\SCAVE\Library\PackageCache\com.unity.visualscripting@1.7.2\Editor\VisualScripting.Core\Dependencies\DotNetZip\Unity.VisualScripting.IonicZip.dll
Native extension for WindowsStandalone target not found
Refreshing native plugins compatible for Editor in 151.58 ms, found 3 plugins.
Preloading 0 native plugins for Editor in 0.00 ms.
Mono: successfully reloaded assembly
- Completed reload, in  2.310 seconds
Domain Reload Profiling:
	ReloadAssembly (2310ms)
		BeginReloadAssembly (167ms)
			ExecutionOrderSort (0ms)
			DisableScriptedObjects (6ms)
			BackupInstance (0ms)
			ReleaseScriptingObjects (0ms)
			CreateAndSetChildDomain (20ms)
		EndReloadAssembly (2044ms)
			LoadAssemblies (78ms)
			RebuildTransferFunctionScriptingTraits (0ms)
			SetupTypeCache (324ms)
			ReleaseScriptCaches (1ms)
			RebuildScriptCaches (106ms)
			SetupLoadedEditorAssemblies (1424ms)
				LogAssemblyErrors (0ms)
				InitializePlatformSupportModulesInManaged (11ms)
				SetLoadedEditorAssemblies (0ms)
				RefreshPlugins (152ms)
				BeforeProcessingInitializeOnLoad (111ms)
				ProcessInitializeOnLoadAttributes (1094ms)
				ProcessInitializeOnLoadMethodAttributes (48ms)
				AfterProcessingInitializeOnLoad (8ms)
				EditorAssembliesLoaded (0ms)
			ExecutionOrderSort2 (0ms)
			AwakeInstancesAfterBackupRestoration (6ms)
Platform modules already initialized, skipping
========================================================================
Worker process is ready to serve import requests
Launched and connected shader compiler UnityShaderCompiler.exe after 0.06 seconds
Refreshing native plugins compatible for Editor in 1.20 ms, found 3 plugins.
Preloading 0 native plugins for Editor in 0.00 ms.
Unloading 6300 Unused Serialized files (Serialized files now loaded: 0)
Unloading 168 unused Assets / (2.7 MB). Loaded Objects now: 6713.
Memory consumption went from 262.5 MB to 259.8 MB.
Total: 5.798000 ms (FindLiveObjects: 0.690000 ms CreateObjectMapping: 0.495000 ms MarkObjects: 3.428700 ms  DeleteObjects: 1.183200 ms)

AssetImportParameters requested are different than current active one (requested -> active):
  custom:video-decoder-ogg-theora: a1e56fd34408186e4bbccfd4996cb3dc -> 
  custom:container-muxer-webm: aa71ff27fc2769a1b78a27578f13a17b -> 
  custom:container-demuxer-webm: 4f35f7cbe854078d1ac9338744f61a02 -> 
  custom:video-encoder-webm-vp8: eb34c28f22e8b96e1ab97ce403110664 -> 
  custom:audio-encoder-webm-vorbis: bf7c407c2cedff20999df2af8eb42d56 -> 
  custom:framework-win-MediaFoundation: 216162199b28c13a410421893ffa2e32 -> 
  custom:container-demuxer-ogg: 62fdf1f143b41e24485cea50d1cbac27 -> 
  custom:video-decoder-webm-vp8: 9c59270c3fd7afecdb556c50c9e8de78 -> 
  custom:audio-decoder-ogg-vorbis: bf7c407c2cedff20999df2af8eb42d56 -> 
========================================================================
Received Import Request.
  Time since last request: 423698.022821 seconds.
  path: Assets/Mineable Objects/Ores/Small Iron Ore.asset
  artifactKey: Guid(553fe84d15340c84988c642475707ff2) Importer(815301076,1909f56bfc062723c751e8b465ee728b)
Start importing Assets/Mineable Objects/Ores/Small Iron Ore.asset using Guid(553fe84d15340c84988c642475707ff2) Importer(815301076,1909f56bfc062723c751e8b465ee728b)  -> (artifact id: '59ea14568974ce13cbcec76767cb9cad') in 0.031069 seconds 
========================================================================
Received Import Request.
  Time since last request: 0.000022 seconds.
  path: Assets/Mineable Objects/Ores/Large Iron Ore.asset
  artifactKey: Guid(ee140338ba2bcc14aa447b818381774f) Importer(815301076,1909f56bfc062723c751e8b465ee728b)
Start importing Assets/Mineable Objects/Ores/Large Iron Ore.asset using Guid(ee140338ba2bcc14aa447b818381774f) Importer(815301076,1909f56bfc062723c751e8b465ee728b)  -> (artifact id: 'd3aef4eed3676456218df664822f28e4') in 0.007051 seconds 
========================================================================
Received Import Request.
  Time since last request: 0.000019 seconds.
  path: Assets/Mineable Objects/Ores/Iron Ore.asset
  artifactKey: Guid(31d83f1ea4bef254ca7e2bd64a021924) Importer(815301076,1909f56bfc062723c751e8b465ee728b)
Start importing Assets/Mineable Objects/Ores/Iron Ore.asset using Guid(31d83f1ea4bef254ca7e2bd64a021924) Importer(815301076,1909f56bfc062723c751e8b465ee728b)  -> (artifact id: '1ac859e1f0d53de3bfa59664dfbe3934') in 0.007399 seconds 
========================================================================
Received Import Request.
  Time since last request: 7.006061 seconds.
  path: Assets/Models
  artifactKey: Guid(959a1a26a31a51c419d017d8005b943c) Importer(815301076,1909f56bfc062723c751e8b465ee728b)
Start importing Assets/Models using Guid(959a1a26a31a51c419d017d8005b943c) Importer(815301076,1909f56bfc062723c751e8b465ee728b)  -> (artifact id: '05a4a7ba4c8457d13388294549e6a894') in 0.005025 seconds 
========================================================================
Received Import Request.
  Time since last request: 108.325149 seconds.
  path: Assets/Models/PurePoly
  artifactKey: Guid(e8805bfa9833ade4093b059813000412) Importer(815301076,1909f56bfc062723c751e8b465ee728b)
Start importing Assets/Models/PurePoly using Guid(e8805bfa9833ade4093b059813000412) Importer(815301076,1909f56bfc062723c751e8b465ee728b)  -> (artifact id: 'fa5ffe15887c402fd7a04db7804e5152') in 0.006093 seconds 
========================================================================
Received Import Request.
  Time since last request: 0.671187 seconds.
  path: Assets/Models/PurePoly/Mining_Free_Assets
  artifactKey: Guid(bd323ba8c175fae4396ff4b7dfce7fd1) Importer(815301076,1909f56bfc062723c751e8b465ee728b)
Start importing Assets/Models/PurePoly/Mining_Free_Assets using Guid(bd323ba8c175fae4396ff4b7dfce7fd1) Importer(815301076,1909f56bfc062723c751e8b465ee728b)  -> (artifact id: 'f7543326cc42bbcf8a4440f8966aeda9') in 0.006570 seconds 
========================================================================
Received Import Request.
  Time since last request: 2.361085 seconds.
  path: Assets/Models/PurePoly/Mining_Free_Assets/Prefabs
  artifactKey: Guid(d36605a9e9d32ce43bb107862bb52306) Importer(815301076,1909f56bfc062723c751e8b465ee728b)
Start importing Assets/Models/PurePoly/Mining_Free_Assets/Prefabs using Guid(d36605a9e9d32ce43bb107862bb52306) Importer(815301076,1909f56bfc062723c751e8b465ee728b)  -> (artifact id: '959a5e9066955fb3b5534a1a2e1eedbe') in 0.004805 seconds 
========================================================================
Received Import Request.
  Time since last request: 0.055970 seconds.
  path: Assets/Models/PurePoly/Mining_Free_Assets/Prefabs/PP_Axe_Used_07_Iron.prefab
  artifactKey: Guid(5c266243bdd7a6a4c8d069957f6bff9f) Importer(815301076,1909f56bfc062723c751e8b465ee728b)
Start importing Assets/Models/PurePoly/Mining_Free_Assets/Prefabs/PP_Axe_Used_07_Iron.prefab using Guid(5c266243bdd7a6a4c8d069957f6bff9f) Importer(815301076,1909f56bfc062723c751e8b465ee728b)  -> (artifact id: 'b8bbd2dddd4d39a79235f4bc4e7367f9') in 0.227351 seconds 
========================================================================
Received Import Request.
  Time since last request: 0.000028 seconds.
  path: Assets/Models/PurePoly/Mining_Free_Assets/Prefabs/PP_Saw_Used_05_Iron.prefab
  artifactKey: Guid(65364203934264348b2aa18aac81b750) Importer(815301076,1909f56bfc062723c751e8b465ee728b)
Start importing Assets/Models/PurePoly/Mining_Free_Assets/Prefabs/PP_Saw_Used_05_Iron.prefab using Guid(65364203934264348b2aa18aac81b750) Importer(815301076,1909f56bfc062723c751e8b465ee728b)  -> (artifact id: '78d2216e5918f3a23feeb83315bed86c') in 0.013973 seconds 
========================================================================
Received Import Request.
  Time since last request: 0.000038 seconds.
  path: Assets/Models/PurePoly/Mining_Free_Assets/Prefabs/PP_Crate_Wooden_03.prefab
  artifactKey: Guid(ddfe2f3727fa5674c85fddf07b08771c) Importer(815301076,1909f56bfc062723c751e8b465ee728b)
Start importing Assets/Models/PurePoly/Mining_Free_Assets/Prefabs/PP_Crate_Wooden_03.prefab using Guid(ddfe2f3727fa5674c85fddf07b08771c) Importer(815301076,1909f56bfc062723c751e8b465ee728b)  -> (artifact id: 'c5a688eae1a6d6ac87862c0d51aa3078') in 0.013716 seconds 
========================================================================
Received Import Request.
  Time since last request: 0.000025 seconds.
  path: Assets/Models/PurePoly/Mining_Free_Assets/Prefabs/PP_Horse_Cart_Used_02.prefab
  artifactKey: Guid(7dfde7e21eef7db4bace3a599ae2f907) Importer(815301076,1909f56bfc062723c751e8b465ee728b)
Start importing Assets/Models/PurePoly/Mining_Free_Assets/Prefabs/PP_Horse_Cart_Used_02.prefab using Guid(7dfde7e21eef7db4bace3a599ae2f907) Importer(815301076,1909f56bfc062723c751e8b465ee728b)  -> (artifact id: 'd3591c277b170c9f39ee41e9f57ad6c6') in 0.016312 seconds 
========================================================================
Received Import Request.
  Time since last request: 0.000028 seconds.
  path: Assets/Models/PurePoly/Mining_Free_Assets/Prefabs/PP_Hammer_Used_02_Iron.prefab
  artifactKey: Guid(a62552e7592e08b4e953f410ae86a1ca) Importer(815301076,1909f56bfc062723c751e8b465ee728b)
Start importing Assets/Models/PurePoly/Mining_Free_Assets/Prefabs/PP_Hammer_Used_02_Iron.prefab using Guid(a62552e7592e08b4e953f410ae86a1ca) Importer(815301076,1909f56bfc062723c751e8b465ee728b)  -> (artifact id: '3a270a15be6ea4b4ade06592e835dd17') in 0.016682 seconds 
========================================================================
Received Import Request.
  Time since last request: 0.000032 seconds.
  path: Assets/Models/PurePoly/Mining_Free_Assets/Prefabs/PP_Stone_Crystal_02_Gold.prefab
  artifactKey: Guid(a2b21baf50fb023478ee35b93c0c27a1) Importer(815301076,1909f56bfc062723c751e8b465ee728b)
Start importing Assets/Models/PurePoly/Mining_Free_Assets/Prefabs/PP_Stone_Crystal_02_Gold.prefab using Guid(a2b21baf50fb023478ee35b93c0c27a1) Importer(815301076,1909f56bfc062723c751e8b465ee728b)  -> (artifact id: 'f7b173743c624e5583c6f0717c9ae053') in 0.015819 seconds 
========================================================================
Received Import Request.
  Time since last request: 0.000027 seconds.
  path: Assets/Models/PurePoly/Mining_Free_Assets/Prefabs/PP_Lantern_02_Yellow_Light_Iron.prefab
  artifactKey: Guid(9380f34c10f5fe34e863c769353585c0) Importer(815301076,1909f56bfc062723c751e8b465ee728b)
Start importing Assets/Models/PurePoly/Mining_Free_Assets/Prefabs/PP_Lantern_02_Yellow_Light_Iron.prefab using Guid(9380f34c10f5fe34e863c769353585c0) Importer(815301076,1909f56bfc062723c751e8b465ee728b)  -> (artifact id: '7ec5fea51a44b8bf1251ee8ddee5b6c7') in 0.014751 seconds 
========================================================================
Received Import Request.
  Time since last request: 0.000036 seconds.
  path: Assets/Models/PurePoly/Mining_Free_Assets/Prefabs/PP_Gemstone_11_Red.prefab
  artifactKey: Guid(9de82d5e406d9d544ac387c521e08a2f) Importer(815301076,1909f56bfc062723c751e8b465ee728b)
Start importing Assets/Models/PurePoly/Mining_Free_Assets/Prefabs/PP_Gemstone_11_Red.prefab using Guid(9de82d5e406d9d544ac387c521e08a2f) Importer(815301076,1909f56bfc062723c751e8b465ee728b)  -> (artifact id: '1bf7c547eef7731c0c5b5ed30bdb562c') in 0.016003 seconds 
Editor requested this worker to shutdown with reason: Scaling down because of idle timeout
AssetImportWorker is now disconnected from the server
Process exiting
Exiting without the bug reporter. Application will terminate with return code 0