Using pre-set license
Built from '2021.2/staging' branch; Version is '2021.2.1f1 (c20c6d589440) revision 12717165'; Using compiler version '192829333'; Build Type 'Release'
OS: 'Windows 10 Pro; OS build 19043.1288; Version 2009; 64bit' Language: 'en' Physical Memory: 16328 MB
BatchMode: 1, IsHumanControllingUs: 0, StartBugReporterOnCrash: 0, Is64bit: 1, IsPro: 0

COMMAND LINE ARGUMENTS:
C:\Program Files\Unity\Hub\Editor\2021.2.1f1\Editor\Unity.exe
-adb2
-batchMode
-noUpm
-name
AssetImportWorker6
-projectPath
E:/Unity/SCAVE
-logFile
Logs/AssetImportWorker6.log
-srvPort
62961
Successfully changed project path to: E:/Unity/SCAVE
E:/Unity/SCAVE
[UnityMemory] Configuration Parameters - Can be set up in boot.config
    "memorysetup-bucket-allocator-granularity=16"
    "memorysetup-bucket-allocator-bucket-count=8"
    "memorysetup-bucket-allocator-block-size=33554432"
    "memorysetup-bucket-allocator-block-count=8"
    "memorysetup-main-allocator-block-size=16777216"
    "memorysetup-thread-allocator-block-size=16777216"
    "memorysetup-gfx-main-allocator-block-size=16777216"
    "memorysetup-gfx-thread-allocator-block-size=16777216"
    "memorysetup-cache-allocator-block-size=4194304"
    "memorysetup-typetree-allocator-block-size=2097152"
    "memorysetup-profiler-bucket-allocator-granularity=16"
    "memorysetup-profiler-bucket-allocator-bucket-count=8"
    "memorysetup-profiler-bucket-allocator-block-size=33554432"
    "memorysetup-profiler-bucket-allocator-block-count=8"
    "memorysetup-profiler-allocator-block-size=16777216"
    "memorysetup-profiler-editor-allocator-block-size=1048576"
    "memorysetup-temp-allocator-size-main=16777216"
    "memorysetup-job-temp-allocator-block-size=2097152"
    "memorysetup-job-temp-allocator-block-size-background=1048576"
    "memorysetup-job-temp-allocator-reduction-small-platforms=262144"
    "memorysetup-temp-allocator-size-background-worker=32768"
    "memorysetup-temp-allocator-size-job-worker=262144"
    "memorysetup-temp-allocator-size-preload-manager=33554432"
    "memorysetup-temp-allocator-size-nav-mesh-worker=65536"
    "memorysetup-temp-allocator-size-audio-worker=65536"
    "memorysetup-temp-allocator-size-cloud-worker=32768"
    "memorysetup-temp-allocator-size-gi-baking-worker=262144"
    "memorysetup-temp-allocator-size-gfx=262144"
Refreshing native plugins compatible for Editor in 126.53 ms, found 3 plugins.
Preloading 0 native plugins for Editor in 0.00 ms.
Initialize engine version: 2021.2.1f1 (c20c6d589440)
[Subsystems] Discovering subsystems at path C:/Program Files/Unity/Hub/Editor/2021.2.1f1/Editor/Data/Resources/UnitySubsystems
[Subsystems] Discovering subsystems at path E:/Unity/SCAVE/Assets
GfxDevice: creating device client; threaded=0; jobified=0
Direct3D:
    Version:  Direct3D 11.0 [level 11.1]
    Renderer: NVIDIA GeForce RTX 2070 SUPER (ID=0x1e84)
    Vendor:   NVIDIA
    VRAM:     8011 MB
    Driver:   30.0.14.9613
Initialize mono
Mono path[0] = 'C:/Program Files/Unity/Hub/Editor/2021.2.1f1/Editor/Data/Managed'
Mono path[1] = 'C:/Program Files/Unity/Hub/Editor/2021.2.1f1/Editor/Data/MonoBleedingEdge/lib/mono/unityjit-win32'
Mono config path = 'C:/Program Files/Unity/Hub/Editor/2021.2.1f1/Editor/Data/MonoBleedingEdge/etc'
Using monoOptions --debugger-agent=transport=dt_socket,embedding=1,server=y,suspend=n,address=127.0.0.1:56468
Begin MonoManager ReloadAssembly
Registering precompiled unity dll's ...
Register platform support module: C:/Program Files/Unity/Hub/Editor/2021.2.1f1/Editor/Data/PlaybackEngines/WindowsStandaloneSupport/UnityEditor.WindowsStandalone.Extensions.dll
Registered in 0.006554 seconds.
Native extension for WindowsStandalone target not found
Refreshing native plugins compatible for Editor in 127.75 ms, found 3 plugins.
Preloading 0 native plugins for Editor in 0.00 ms.
Mono: successfully reloaded assembly
- Completed reload, in  1.567 seconds
Domain Reload Profiling:
	ReloadAssembly (1568ms)
		BeginReloadAssembly (108ms)
			ExecutionOrderSort (0ms)
			DisableScriptedObjects (0ms)
			BackupInstance (0ms)
			ReleaseScriptingObjects (0ms)
			CreateAndSetChildDomain (1ms)
		EndReloadAssembly (626ms)
			LoadAssemblies (106ms)
			RebuildTransferFunctionScriptingTraits (0ms)
			SetupTypeCache (259ms)
			ReleaseScriptCaches (0ms)
			RebuildScriptCaches (23ms)
			SetupLoadedEditorAssemblies (297ms)
				LogAssemblyErrors (0ms)
				InitializePlatformSupportModulesInManaged (6ms)
				SetLoadedEditorAssemblies (0ms)
				RefreshPlugins (128ms)
				BeforeProcessingInitializeOnLoad (1ms)
				ProcessInitializeOnLoadAttributes (120ms)
				ProcessInitializeOnLoadMethodAttributes (42ms)
				AfterProcessingInitializeOnLoad (0ms)
				EditorAssembliesLoaded (0ms)
			ExecutionOrderSort2 (0ms)
			AwakeInstancesAfterBackupRestoration (0ms)
Platform modules already initialized, skipping
Registering precompiled user dll's ...
Registered in 0.004411 seconds.
Begin MonoManager ReloadAssembly
Symbol file LoadedFromMemory doesn't match image E:\Unity\SCAVE\Library\PackageCache\com.unity.visualscripting@1.7.2\Editor\VisualScripting.Core\Dependencies\YamlDotNet\Unity.VisualScripting.YamlDotNet.dll
Symbol file LoadedFromMemory doesn't match image E:\Unity\SCAVE\Library\PackageCache\com.unity.visualscripting@1.7.2\Editor\VisualScripting.Core\Dependencies\DotNetZip\Unity.VisualScripting.IonicZip.dll
Native extension for WindowsStandalone target not found
Refreshing native plugins compatible for Editor in 128.86 ms, found 3 plugins.
Preloading 0 native plugins for Editor in 0.00 ms.
Mono: successfully reloaded assembly
- Completed reload, in  2.629 seconds
Domain Reload Profiling:
	ReloadAssembly (2629ms)
		BeginReloadAssembly (151ms)
			ExecutionOrderSort (0ms)
			DisableScriptedObjects (5ms)
			BackupInstance (0ms)
			ReleaseScriptingObjects (0ms)
			CreateAndSetChildDomain (19ms)
		EndReloadAssembly (2390ms)
			LoadAssemblies (71ms)
			RebuildTransferFunctionScriptingTraits (0ms)
			SetupTypeCache (421ms)
			ReleaseScriptCaches (1ms)
			RebuildScriptCaches (75ms)
			SetupLoadedEditorAssemblies (1731ms)
				LogAssemblyErrors (0ms)
				InitializePlatformSupportModulesInManaged (10ms)
				SetLoadedEditorAssemblies (0ms)
				RefreshPlugins (129ms)
				BeforeProcessingInitializeOnLoad (106ms)
				ProcessInitializeOnLoadAttributes (1437ms)
				ProcessInitializeOnLoadMethodAttributes (41ms)
				AfterProcessingInitializeOnLoad (7ms)
				EditorAssembliesLoaded (0ms)
			ExecutionOrderSort2 (0ms)
			AwakeInstancesAfterBackupRestoration (5ms)
Platform modules already initialized, skipping
========================================================================
Worker process is ready to serve import requests
Launched and connected shader compiler UnityShaderCompiler.exe after 0.09 seconds
Refreshing native plugins compatible for Editor in 1.19 ms, found 3 plugins.
Preloading 0 native plugins for Editor in 0.00 ms.
Unloading 6304 Unused Serialized files (Serialized files now loaded: 0)
Unloading 168 unused Assets / (2.7 MB). Loaded Objects now: 6718.
Memory consumption went from 263.5 MB to 260.8 MB.
Total: 5.398500 ms (FindLiveObjects: 0.513000 ms CreateObjectMapping: 0.171400 ms MarkObjects: 3.838000 ms  DeleteObjects: 0.874400 ms)

AssetImportParameters requested are different than current active one (requested -> active):
  custom:video-decoder-ogg-theora: a1e56fd34408186e4bbccfd4996cb3dc -> 
  custom:container-muxer-webm: aa71ff27fc2769a1b78a27578f13a17b -> 
  custom:container-demuxer-webm: 4f35f7cbe854078d1ac9338744f61a02 -> 
  custom:video-encoder-webm-vp8: eb34c28f22e8b96e1ab97ce403110664 -> 
  custom:audio-encoder-webm-vorbis: bf7c407c2cedff20999df2af8eb42d56 -> 
  custom:framework-win-MediaFoundation: 216162199b28c13a410421893ffa2e32 -> 
  custom:container-demuxer-ogg: 62fdf1f143b41e24485cea50d1cbac27 -> 
  custom:video-decoder-webm-vp8: 9c59270c3fd7afecdb556c50c9e8de78 -> 
  custom:audio-decoder-ogg-vorbis: bf7c407c2cedff20999df2af8eb42d56 -> 
========================================================================
Received Import Request.
  Time since last request: 441649.342683 seconds.
  path: Assets/Mineable Objects/Ores/Iron Ore.asset
  artifactKey: Guid(31d83f1ea4bef254ca7e2bd64a021924) Importer(815301076,1909f56bfc062723c751e8b465ee728b)
Start importing Assets/Mineable Objects/Ores/Iron Ore.asset using Guid(31d83f1ea4bef254ca7e2bd64a021924) Importer(815301076,1909f56bfc062723c751e8b465ee728b)  -> (artifact id: 'f04ee47b12b0a7de3be59d1594eeac66') in 0.034855 seconds 
========================================================================
Received Import Request.
  Time since last request: 4.951888 seconds.
  path: Assets/Mineable Objects/Ores/Iron
  artifactKey: Guid(fb15aacfb6146824a8aae928676cd59c) Importer(815301076,1909f56bfc062723c751e8b465ee728b)
Start importing Assets/Mineable Objects/Ores/Iron using Guid(fb15aacfb6146824a8aae928676cd59c) Importer(815301076,1909f56bfc062723c751e8b465ee728b)  -> (artifact id: '3f1f3057261368cc7c0a2856127674d1') in 0.005587 seconds 
========================================================================
Received Import Request.
  Time since last request: 5.782498 seconds.
  path: Assets/Mineable Objects/Ores/Gold
  artifactKey: Guid(2e8dc10a61d37744ea764ec4b9470bc2) Importer(815301076,1909f56bfc062723c751e8b465ee728b)
Start importing Assets/Mineable Objects/Ores/Gold using Guid(2e8dc10a61d37744ea764ec4b9470bc2) Importer(815301076,1909f56bfc062723c751e8b465ee728b)  -> (artifact id: '6b239362c9e0853051fb2f5136d20f80') in 0.007059 seconds 
========================================================================
Received Import Request.
  Time since last request: 10.464773 seconds.
  path: Assets/Mineable Objects/Ores/Gold/Small Gold Ore.asset
  artifactKey: Guid(140158944ac149f4ba0a561285135abd) Importer(815301076,1909f56bfc062723c751e8b465ee728b)
Start importing Assets/Mineable Objects/Ores/Gold/Small Gold Ore.asset using Guid(140158944ac149f4ba0a561285135abd) Importer(815301076,1909f56bfc062723c751e8b465ee728b)  -> (artifact id: '53fc4c0b942f068bc6768bb37e5f9a77') in 0.006456 seconds 
========================================================================
Received Import Request.
  Time since last request: 7.591188 seconds.
  path: Assets/Mineable Objects/Ores/Gold/Small Gold Ore 1.asset
  artifactKey: Guid(ce41a8c1647fb564f9d337635b6cc0d0) Importer(815301076,1909f56bfc062723c751e8b465ee728b)
Start importing Assets/Mineable Objects/Ores/Gold/Small Gold Ore 1.asset using Guid(ce41a8c1647fb564f9d337635b6cc0d0) Importer(815301076,1909f56bfc062723c751e8b465ee728b)  -> (artifact id: 'befdc07b49189a56497270c811f373cd') in 0.006501 seconds 
========================================================================
Received Import Request.
  Time since last request: 0.135300 seconds.
  path: Assets/Mineable Objects/Ores/Gold/Small Gold Ore 2.asset
  artifactKey: Guid(83bbdf26a316adc43874ce119c47b30d) Importer(815301076,1909f56bfc062723c751e8b465ee728b)
Start importing Assets/Mineable Objects/Ores/Gold/Small Gold Ore 2.asset using Guid(83bbdf26a316adc43874ce119c47b30d) Importer(815301076,1909f56bfc062723c751e8b465ee728b)  -> (artifact id: '7d2d14438b32856538f574fd3ed167b3') in 0.006706 seconds 
========================================================================
Received Import Request.
  Time since last request: 4.642293 seconds.
  path: Assets/Mineable Objects/Ores/Gold/Gold Ore.asset
  artifactKey: Guid(83bbdf26a316adc43874ce119c47b30d) Importer(815301076,1909f56bfc062723c751e8b465ee728b)
Start importing Assets/Mineable Objects/Ores/Gold/Gold Ore.asset using Guid(83bbdf26a316adc43874ce119c47b30d) Importer(815301076,1909f56bfc062723c751e8b465ee728b)  -> (artifact id: '275f2c455fc9dff431bf2dddb53bf6fb') in 0.002476 seconds 
========================================================================
Received Import Request.
  Time since last request: 5.636005 seconds.
  path: Assets/Mineable Objects/Ores/Gold/Large Gold Ore.asset
  artifactKey: Guid(ce41a8c1647fb564f9d337635b6cc0d0) Importer(815301076,1909f56bfc062723c751e8b465ee728b)
Start importing Assets/Mineable Objects/Ores/Gold/Large Gold Ore.asset using Guid(ce41a8c1647fb564f9d337635b6cc0d0) Importer(815301076,1909f56bfc062723c751e8b465ee728b)  -> (artifact id: 'a5984e83967e6819585d73e17b4af666') in 0.006699 seconds 
========================================================================
Received Import Request.
  Time since last request: 5.740196 seconds.
  path: Assets/Materials/Materials/Gold Ore.mat
  artifactKey: Guid(b2d74bec0e442ff4d991fd5853b45cb3) Importer(815301076,1909f56bfc062723c751e8b465ee728b)
Start importing Assets/Materials/Materials/Gold Ore.mat using Guid(b2d74bec0e442ff4d991fd5853b45cb3) Importer(815301076,1909f56bfc062723c751e8b465ee728b)  -> (artifact id: '74f14c0d2267c3f7ccfdadd64151deed') in 0.260646 seconds 
========================================================================
Received Prepare
Registering precompiled user dll's ...
Registered in 0.005496 seconds.
Begin MonoManager ReloadAssembly
Symbol file LoadedFromMemory doesn't match image E:\Unity\SCAVE\Library\PackageCache\com.unity.visualscripting@1.7.2\Editor\VisualScripting.Core\Dependencies\YamlDotNet\Unity.VisualScripting.YamlDotNet.dll
Symbol file LoadedFromMemory doesn't match image E:\Unity\SCAVE\Library\PackageCache\com.unity.visualscripting@1.7.2\Editor\VisualScripting.Core\Dependencies\DotNetZip\Unity.VisualScripting.IonicZip.dll
Native extension for WindowsStandalone target not found
Refreshing native plugins compatible for Editor in 1.75 ms, found 3 plugins.
Preloading 0 native plugins for Editor in 0.00 ms.
Warning: Annotation not found!
UnityEngine.StackTraceUtility:ExtractStackTrace ()
UnityEditor.ProBuilder.EditorUtility:SetGizmoIconEnabled (System.Type,bool) (at Library/PackageCache/com.unity.probuilder@5.0.3/Editor/EditorCore/EditorUtility.cs:575)
UnityEditor.ProBuilder.HierarchyListener:.cctor () (at Library/PackageCache/com.unity.probuilder@5.0.3/Editor/EditorCore/HierarchyListener.cs:21)
System.Runtime.CompilerServices.RuntimeHelpers:RunClassConstructor (System.RuntimeTypeHandle)
UnityEditor.EditorAssemblies:ProcessInitializeOnLoadAttributes (System.Type[])

[Library/PackageCache/com.unity.probuilder@5.0.3/Editor/EditorCore/EditorUtility.cs line 575]

Mono: successfully reloaded assembly
- Completed reload, in  1.491 seconds
Domain Reload Profiling:
	ReloadAssembly (1491ms)
		BeginReloadAssembly (176ms)
			ExecutionOrderSort (0ms)
			DisableScriptedObjects (6ms)
			BackupInstance (0ms)
			ReleaseScriptingObjects (0ms)
			CreateAndSetChildDomain (46ms)
		EndReloadAssembly (1218ms)
			LoadAssemblies (76ms)
			RebuildTransferFunctionScriptingTraits (0ms)
			SetupTypeCache (299ms)
			ReleaseScriptCaches (3ms)
			RebuildScriptCaches (81ms)
			SetupLoadedEditorAssemblies (585ms)
				LogAssemblyErrors (0ms)
				InitializePlatformSupportModulesInManaged (12ms)
				SetLoadedEditorAssemblies (0ms)
				RefreshPlugins (2ms)
				BeforeProcessingInitializeOnLoad (87ms)
				ProcessInitializeOnLoadAttributes (405ms)
				ProcessInitializeOnLoadMethodAttributes (69ms)
				AfterProcessingInitializeOnLoad (9ms)
				EditorAssembliesLoaded (0ms)
			ExecutionOrderSort2 (0ms)
			AwakeInstancesAfterBackupRestoration (19ms)
Platform modules already initialized, skipping
Refreshing native plugins compatible for Editor in 2.19 ms, found 3 plugins.
Preloading 0 native plugins for Editor in 0.00 ms.
Unloading 6102 Unused Serialized files (Serialized files now loaded: 0)
Unloading 45 unused Assets / (2.3 MB). Loaded Objects now: 6819.
Memory consumption went from 256.8 MB to 254.5 MB.
Total: 5.408800 ms (FindLiveObjects: 0.524000 ms CreateObjectMapping: 0.480600 ms MarkObjects: 3.864500 ms  DeleteObjects: 0.537900 ms)

AssetImportParameters requested are different than current active one (requested -> active):
  custom:video-decoder-ogg-theora: a1e56fd34408186e4bbccfd4996cb3dc -> 
  custom:container-muxer-webm: aa71ff27fc2769a1b78a27578f13a17b -> 
  custom:container-demuxer-webm: 4f35f7cbe854078d1ac9338744f61a02 -> 
  custom:video-encoder-webm-vp8: eb34c28f22e8b96e1ab97ce403110664 -> 
  custom:audio-encoder-webm-vorbis: bf7c407c2cedff20999df2af8eb42d56 -> 
  custom:framework-win-MediaFoundation: 216162199b28c13a410421893ffa2e32 -> 
  custom:container-demuxer-ogg: 62fdf1f143b41e24485cea50d1cbac27 -> 
  custom:video-decoder-webm-vp8: 9c59270c3fd7afecdb556c50c9e8de78 -> 
  custom:audio-decoder-ogg-vorbis: bf7c407c2cedff20999df2af8eb42d56 -> 
========================================================================
Received Prepare
Registering precompiled user dll's ...
Registered in 0.004422 seconds.
Begin MonoManager ReloadAssembly
Symbol file LoadedFromMemory doesn't match image E:\Unity\SCAVE\Library\PackageCache\com.unity.visualscripting@1.7.2\Editor\VisualScripting.Core\Dependencies\YamlDotNet\Unity.VisualScripting.YamlDotNet.dll
Symbol file LoadedFromMemory doesn't match image E:\Unity\SCAVE\Library\PackageCache\com.unity.visualscripting@1.7.2\Editor\VisualScripting.Core\Dependencies\DotNetZip\Unity.VisualScripting.IonicZip.dll
Native extension for WindowsStandalone target not found
Refreshing native plugins compatible for Editor in 1.87 ms, found 3 plugins.
Preloading 0 native plugins for Editor in 0.00 ms.
Warning: Annotation not found!
UnityEngine.StackTraceUtility:ExtractStackTrace ()
UnityEditor.ProBuilder.EditorUtility:SetGizmoIconEnabled (System.Type,bool) (at Library/PackageCache/com.unity.probuilder@5.0.3/Editor/EditorCore/EditorUtility.cs:575)
UnityEditor.ProBuilder.HierarchyListener:.cctor () (at Library/PackageCache/com.unity.probuilder@5.0.3/Editor/EditorCore/HierarchyListener.cs:21)
System.Runtime.CompilerServices.RuntimeHelpers:RunClassConstructor (System.RuntimeTypeHandle)
UnityEditor.EditorAssemblies:ProcessInitializeOnLoadAttributes (System.Type[])

[Library/PackageCache/com.unity.probuilder@5.0.3/Editor/EditorCore/EditorUtility.cs line 575]

Mono: successfully reloaded assembly
- Completed reload, in  1.460 seconds
Domain Reload Profiling:
	ReloadAssembly (1460ms)
		BeginReloadAssembly (152ms)
			ExecutionOrderSort (0ms)
			DisableScriptedObjects (6ms)
			BackupInstance (0ms)
			ReleaseScriptingObjects (0ms)
			CreateAndSetChildDomain (47ms)
		EndReloadAssembly (1206ms)
			LoadAssemblies (80ms)
			RebuildTransferFunctionScriptingTraits (0ms)
			SetupTypeCache (290ms)
			ReleaseScriptCaches (3ms)
			RebuildScriptCaches (80ms)
			SetupLoadedEditorAssemblies (592ms)
				LogAssemblyErrors (0ms)
				InitializePlatformSupportModulesInManaged (13ms)
				SetLoadedEditorAssemblies (1ms)
				RefreshPlugins (2ms)
				BeforeProcessingInitializeOnLoad (87ms)
				ProcessInitializeOnLoadAttributes (412ms)
				ProcessInitializeOnLoadMethodAttributes (69ms)
				AfterProcessingInitializeOnLoad (9ms)
				EditorAssembliesLoaded (0ms)
			ExecutionOrderSort2 (0ms)
			AwakeInstancesAfterBackupRestoration (20ms)
Platform modules already initialized, skipping
Refreshing native plugins compatible for Editor in 2.01 ms, found 3 plugins.
Preloading 0 native plugins for Editor in 0.00 ms.
Unloading 6092 Unused Serialized files (Serialized files now loaded: 0)
Unloading 45 unused Assets / (2.3 MB). Loaded Objects now: 6821.
Memory consumption went from 256.1 MB to 253.7 MB.
Total: 5.769900 ms (FindLiveObjects: 0.731000 ms CreateObjectMapping: 0.182800 ms MarkObjects: 4.025300 ms  DeleteObjects: 0.828900 ms)

AssetImportParameters requested are different than current active one (requested -> active):
  custom:video-decoder-ogg-theora: a1e56fd34408186e4bbccfd4996cb3dc -> 
  custom:container-muxer-webm: aa71ff27fc2769a1b78a27578f13a17b -> 
  custom:container-demuxer-webm: 4f35f7cbe854078d1ac9338744f61a02 -> 
  custom:video-encoder-webm-vp8: eb34c28f22e8b96e1ab97ce403110664 -> 
  custom:audio-encoder-webm-vorbis: bf7c407c2cedff20999df2af8eb42d56 -> 
  custom:framework-win-MediaFoundation: 216162199b28c13a410421893ffa2e32 -> 
  custom:container-demuxer-ogg: 62fdf1f143b41e24485cea50d1cbac27 -> 
  custom:video-decoder-webm-vp8: 9c59270c3fd7afecdb556c50c9e8de78 -> 
  custom:audio-decoder-ogg-vorbis: bf7c407c2cedff20999df2af8eb42d56 -> 
========================================================================
Received Prepare
Registering precompiled user dll's ...
Registered in 0.005004 seconds.
Begin MonoManager ReloadAssembly
Symbol file LoadedFromMemory doesn't match image E:\Unity\SCAVE\Library\PackageCache\com.unity.visualscripting@1.7.2\Editor\VisualScripting.Core\Dependencies\YamlDotNet\Unity.VisualScripting.YamlDotNet.dll
Symbol file LoadedFromMemory doesn't match image E:\Unity\SCAVE\Library\PackageCache\com.unity.visualscripting@1.7.2\Editor\VisualScripting.Core\Dependencies\DotNetZip\Unity.VisualScripting.IonicZip.dll
Native extension for WindowsStandalone target not found
Refreshing native plugins compatible for Editor in 1.42 ms, found 3 plugins.
Preloading 0 native plugins for Editor in 0.00 ms.
Warning: Annotation not found!
UnityEngine.StackTraceUtility:ExtractStackTrace ()
UnityEditor.ProBuilder.EditorUtility:SetGizmoIconEnabled (System.Type,bool) (at Library/PackageCache/com.unity.probuilder@5.0.3/Editor/EditorCore/EditorUtility.cs:575)
UnityEditor.ProBuilder.HierarchyListener:.cctor () (at Library/PackageCache/com.unity.probuilder@5.0.3/Editor/EditorCore/HierarchyListener.cs:21)
System.Runtime.CompilerServices.RuntimeHelpers:RunClassConstructor (System.RuntimeTypeHandle)
UnityEditor.EditorAssemblies:ProcessInitializeOnLoadAttributes (System.Type[])

[Library/PackageCache/com.unity.probuilder@5.0.3/Editor/EditorCore/EditorUtility.cs line 575]

Mono: successfully reloaded assembly
- Completed reload, in  1.380 seconds
Domain Reload Profiling:
	ReloadAssembly (1380ms)
		BeginReloadAssembly (141ms)
			ExecutionOrderSort (0ms)
			DisableScriptedObjects (6ms)
			BackupInstance (0ms)
			ReleaseScriptingObjects (0ms)
			CreateAndSetChildDomain (44ms)
		EndReloadAssembly (1150ms)
			LoadAssemblies (75ms)
			RebuildTransferFunctionScriptingTraits (0ms)
			SetupTypeCache (282ms)
			ReleaseScriptCaches (3ms)
			RebuildScriptCaches (75ms)
			SetupLoadedEditorAssemblies (565ms)
				LogAssemblyErrors (0ms)
				InitializePlatformSupportModulesInManaged (13ms)
				SetLoadedEditorAssemblies (0ms)
				RefreshPlugins (1ms)
				BeforeProcessingInitializeOnLoad (90ms)
				ProcessInitializeOnLoadAttributes (387ms)
				ProcessInitializeOnLoadMethodAttributes (65ms)
				AfterProcessingInitializeOnLoad (8ms)
				EditorAssembliesLoaded (0ms)
			ExecutionOrderSort2 (0ms)
			AwakeInstancesAfterBackupRestoration (16ms)
Platform modules already initialized, skipping
Refreshing native plugins compatible for Editor in 1.25 ms, found 3 plugins.
Preloading 0 native plugins for Editor in 0.00 ms.
Unloading 6092 Unused Serialized files (Serialized files now loaded: 0)
Unloading 45 unused Assets / (2.3 MB). Loaded Objects now: 6823.
Memory consumption went from 256.1 MB to 253.8 MB.
Total: 4.731500 ms (FindLiveObjects: 0.608000 ms CreateObjectMapping: 0.274300 ms MarkObjects: 3.340700 ms  DeleteObjects: 0.507400 ms)

AssetImportParameters requested are different than current active one (requested -> active):
  custom:video-decoder-ogg-theora: a1e56fd34408186e4bbccfd4996cb3dc -> 
  custom:container-muxer-webm: aa71ff27fc2769a1b78a27578f13a17b -> 
  custom:container-demuxer-webm: 4f35f7cbe854078d1ac9338744f61a02 -> 
  custom:video-encoder-webm-vp8: eb34c28f22e8b96e1ab97ce403110664 -> 
  custom:audio-encoder-webm-vorbis: bf7c407c2cedff20999df2af8eb42d56 -> 
  custom:framework-win-MediaFoundation: 216162199b28c13a410421893ffa2e32 -> 
  custom:container-demuxer-ogg: 62fdf1f143b41e24485cea50d1cbac27 -> 
  custom:video-decoder-webm-vp8: 9c59270c3fd7afecdb556c50c9e8de78 -> 
  custom:audio-decoder-ogg-vorbis: bf7c407c2cedff20999df2af8eb42d56 -> 
========================================================================
Received Prepare
Registering precompiled user dll's ...
Registered in 0.004009 seconds.
Begin MonoManager ReloadAssembly
Symbol file LoadedFromMemory doesn't match image E:\Unity\SCAVE\Library\PackageCache\com.unity.visualscripting@1.7.2\Editor\VisualScripting.Core\Dependencies\YamlDotNet\Unity.VisualScripting.YamlDotNet.dll
Symbol file LoadedFromMemory doesn't match image E:\Unity\SCAVE\Library\PackageCache\com.unity.visualscripting@1.7.2\Editor\VisualScripting.Core\Dependencies\DotNetZip\Unity.VisualScripting.IonicZip.dll
Native extension for WindowsStandalone target not found
Refreshing native plugins compatible for Editor in 1.30 ms, found 3 plugins.
Preloading 0 native plugins for Editor in 0.00 ms.
Warning: Annotation not found!
UnityEngine.StackTraceUtility:ExtractStackTrace ()
UnityEditor.ProBuilder.EditorUtility:SetGizmoIconEnabled (System.Type,bool) (at Library/PackageCache/com.unity.probuilder@5.0.3/Editor/EditorCore/EditorUtility.cs:575)
UnityEditor.ProBuilder.HierarchyListener:.cctor () (at Library/PackageCache/com.unity.probuilder@5.0.3/Editor/EditorCore/HierarchyListener.cs:21)
System.Runtime.CompilerServices.RuntimeHelpers:RunClassConstructor (System.RuntimeTypeHandle)
UnityEditor.EditorAssemblies:ProcessInitializeOnLoadAttributes (System.Type[])

[Library/PackageCache/com.unity.probuilder@5.0.3/Editor/EditorCore/EditorUtility.cs line 575]

Mono: successfully reloaded assembly
- Completed reload, in  1.392 seconds
Domain Reload Profiling:
	ReloadAssembly (1393ms)
		BeginReloadAssembly (130ms)
			ExecutionOrderSort (0ms)
			DisableScriptedObjects (5ms)
			BackupInstance (0ms)
			ReleaseScriptingObjects (0ms)
			CreateAndSetChildDomain (42ms)
		EndReloadAssembly (1164ms)
			LoadAssemblies (72ms)
			RebuildTransferFunctionScriptingTraits (0ms)
			SetupTypeCache (299ms)
			ReleaseScriptCaches (2ms)
			RebuildScriptCaches (73ms)
			SetupLoadedEditorAssemblies (561ms)
				LogAssemblyErrors (0ms)
				InitializePlatformSupportModulesInManaged (13ms)
				SetLoadedEditorAssemblies (0ms)
				RefreshPlugins (1ms)
				BeforeProcessingInitializeOnLoad (85ms)
				ProcessInitializeOnLoadAttributes (384ms)
				ProcessInitializeOnLoadMethodAttributes (69ms)
				AfterProcessingInitializeOnLoad (9ms)
				EditorAssembliesLoaded (0ms)
			ExecutionOrderSort2 (0ms)
			AwakeInstancesAfterBackupRestoration (17ms)
Platform modules already initialized, skipping
Refreshing native plugins compatible for Editor in 1.21 ms, found 3 plugins.
Preloading 0 native plugins for Editor in 0.00 ms.
Unloading 6092 Unused Serialized files (Serialized files now loaded: 0)
Unloading 45 unused Assets / (2.3 MB). Loaded Objects now: 6825.
Memory consumption went from 256.0 MB to 253.7 MB.
Total: 5.250700 ms (FindLiveObjects: 0.520800 ms CreateObjectMapping: 0.175700 ms MarkObjects: 3.971300 ms  DeleteObjects: 0.581400 ms)

AssetImportParameters requested are different than current active one (requested -> active):
  custom:video-decoder-ogg-theora: a1e56fd34408186e4bbccfd4996cb3dc -> 
  custom:container-muxer-webm: aa71ff27fc2769a1b78a27578f13a17b -> 
  custom:container-demuxer-webm: 4f35f7cbe854078d1ac9338744f61a02 -> 
  custom:video-encoder-webm-vp8: eb34c28f22e8b96e1ab97ce403110664 -> 
  custom:audio-encoder-webm-vorbis: bf7c407c2cedff20999df2af8eb42d56 -> 
  custom:framework-win-MediaFoundation: 216162199b28c13a410421893ffa2e32 -> 
  custom:container-demuxer-ogg: 62fdf1f143b41e24485cea50d1cbac27 -> 
  custom:video-decoder-webm-vp8: 9c59270c3fd7afecdb556c50c9e8de78 -> 
  custom:audio-decoder-ogg-vorbis: bf7c407c2cedff20999df2af8eb42d56 -> 
========================================================================
Received Prepare
Registering precompiled user dll's ...
Registered in 0.003954 seconds.
Begin MonoManager ReloadAssembly
Symbol file LoadedFromMemory doesn't match image E:\Unity\SCAVE\Library\PackageCache\com.unity.visualscripting@1.7.2\Editor\VisualScripting.Core\Dependencies\YamlDotNet\Unity.VisualScripting.YamlDotNet.dll
Symbol file LoadedFromMemory doesn't match image E:\Unity\SCAVE\Library\PackageCache\com.unity.visualscripting@1.7.2\Editor\VisualScripting.Core\Dependencies\DotNetZip\Unity.VisualScripting.IonicZip.dll
Native extension for WindowsStandalone target not found
Refreshing native plugins compatible for Editor in 1.19 ms, found 3 plugins.
Preloading 0 native plugins for Editor in 0.00 ms.
Warning: Annotation not found!
UnityEngine.StackTraceUtility:ExtractStackTrace ()
UnityEditor.ProBuilder.EditorUtility:SetGizmoIconEnabled (System.Type,bool) (at Library/PackageCache/com.unity.probuilder@5.0.3/Editor/EditorCore/EditorUtility.cs:575)
UnityEditor.ProBuilder.HierarchyListener:.cctor () (at Library/PackageCache/com.unity.probuilder@5.0.3/Editor/EditorCore/HierarchyListener.cs:21)
System.Runtime.CompilerServices.RuntimeHelpers:RunClassConstructor (System.RuntimeTypeHandle)
UnityEditor.EditorAssemblies:ProcessInitializeOnLoadAttributes (System.Type[])

[Library/PackageCache/com.unity.probuilder@5.0.3/Editor/EditorCore/EditorUtility.cs line 575]

Mono: successfully reloaded assembly
- Completed reload, in  1.312 seconds
Domain Reload Profiling:
	ReloadAssembly (1313ms)
		BeginReloadAssembly (142ms)
			ExecutionOrderSort (0ms)
			DisableScriptedObjects (5ms)
			BackupInstance (0ms)
			ReleaseScriptingObjects (0ms)
			CreateAndSetChildDomain (42ms)
		EndReloadAssembly (1081ms)
			LoadAssemblies (79ms)
			RebuildTransferFunctionScriptingTraits (0ms)
			SetupTypeCache (274ms)
			ReleaseScriptCaches (2ms)
			RebuildScriptCaches (70ms)
			SetupLoadedEditorAssemblies (526ms)
				LogAssemblyErrors (0ms)
				InitializePlatformSupportModulesInManaged (11ms)
				SetLoadedEditorAssemblies (0ms)
				RefreshPlugins (1ms)
				BeforeProcessingInitializeOnLoad (79ms)
				ProcessInitializeOnLoadAttributes (366ms)
				ProcessInitializeOnLoadMethodAttributes (60ms)
				AfterProcessingInitializeOnLoad (8ms)
				EditorAssembliesLoaded (0ms)
			ExecutionOrderSort2 (0ms)
			AwakeInstancesAfterBackupRestoration (15ms)
Platform modules already initialized, skipping
Refreshing native plugins compatible for Editor in 1.20 ms, found 3 plugins.
Preloading 0 native plugins for Editor in 0.00 ms.
Unloading 6092 Unused Serialized files (Serialized files now loaded: 0)
Unloading 45 unused Assets / (2.3 MB). Loaded Objects now: 6827.
Memory consumption went from 256.0 MB to 253.7 MB.
Total: 4.517900 ms (FindLiveObjects: 0.544900 ms CreateObjectMapping: 0.168800 ms MarkObjects: 3.340200 ms  DeleteObjects: 0.462700 ms)

AssetImportParameters requested are different than current active one (requested -> active):
  custom:video-decoder-ogg-theora: a1e56fd34408186e4bbccfd4996cb3dc -> 
  custom:container-muxer-webm: aa71ff27fc2769a1b78a27578f13a17b -> 
  custom:container-demuxer-webm: 4f35f7cbe854078d1ac9338744f61a02 -> 
  custom:video-encoder-webm-vp8: eb34c28f22e8b96e1ab97ce403110664 -> 
  custom:audio-encoder-webm-vorbis: bf7c407c2cedff20999df2af8eb42d56 -> 
  custom:framework-win-MediaFoundation: 216162199b28c13a410421893ffa2e32 -> 
  custom:container-demuxer-ogg: 62fdf1f143b41e24485cea50d1cbac27 -> 
  custom:video-decoder-webm-vp8: 9c59270c3fd7afecdb556c50c9e8de78 -> 
  custom:audio-decoder-ogg-vorbis: bf7c407c2cedff20999df2af8eb42d56 -> 
========================================================================
Received Prepare
Registering precompiled user dll's ...
Registered in 0.003941 seconds.
Begin MonoManager ReloadAssembly
Symbol file LoadedFromMemory doesn't match image E:\Unity\SCAVE\Library\PackageCache\com.unity.visualscripting@1.7.2\Editor\VisualScripting.Core\Dependencies\YamlDotNet\Unity.VisualScripting.YamlDotNet.dll
Symbol file LoadedFromMemory doesn't match image E:\Unity\SCAVE\Library\PackageCache\com.unity.visualscripting@1.7.2\Editor\VisualScripting.Core\Dependencies\DotNetZip\Unity.VisualScripting.IonicZip.dll
Native extension for WindowsStandalone target not found
Refreshing native plugins compatible for Editor in 1.17 ms, found 3 plugins.
Preloading 0 native plugins for Editor in 0.00 ms.
Warning: Annotation not found!
UnityEngine.StackTraceUtility:ExtractStackTrace ()
UnityEditor.ProBuilder.EditorUtility:SetGizmoIconEnabled (System.Type,bool) (at Library/PackageCache/com.unity.probuilder@5.0.3/Editor/EditorCore/EditorUtility.cs:575)
UnityEditor.ProBuilder.HierarchyListener:.cctor () (at Library/PackageCache/com.unity.probuilder@5.0.3/Editor/EditorCore/HierarchyListener.cs:21)
System.Runtime.CompilerServices.RuntimeHelpers:RunClassConstructor (System.RuntimeTypeHandle)
UnityEditor.EditorAssemblies:ProcessInitializeOnLoadAttributes (System.Type[])

[Library/PackageCache/com.unity.probuilder@5.0.3/Editor/EditorCore/EditorUtility.cs line 575]

Mono: successfully reloaded assembly
- Completed reload, in  1.310 seconds
Domain Reload Profiling:
	ReloadAssembly (1311ms)
		BeginReloadAssembly (135ms)
			ExecutionOrderSort (0ms)
			DisableScriptedObjects (5ms)
			BackupInstance (0ms)
			ReleaseScriptingObjects (0ms)
			CreateAndSetChildDomain (43ms)
		EndReloadAssembly (1083ms)
			LoadAssemblies (77ms)
			RebuildTransferFunctionScriptingTraits (0ms)
			SetupTypeCache (286ms)
			ReleaseScriptCaches (2ms)
			RebuildScriptCaches (59ms)
			SetupLoadedEditorAssemblies (521ms)
				LogAssemblyErrors (0ms)
				InitializePlatformSupportModulesInManaged (11ms)
				SetLoadedEditorAssemblies (0ms)
				RefreshPlugins (1ms)
				BeforeProcessingInitializeOnLoad (80ms)
				ProcessInitializeOnLoadAttributes (357ms)
				ProcessInitializeOnLoadMethodAttributes (63ms)
				AfterProcessingInitializeOnLoad (8ms)
				EditorAssembliesLoaded (0ms)
			ExecutionOrderSort2 (0ms)
			AwakeInstancesAfterBackupRestoration (20ms)
Platform modules already initialized, skipping
Refreshing native plugins compatible for Editor in 1.48 ms, found 3 plugins.
Preloading 0 native plugins for Editor in 0.00 ms.
Unloading 6092 Unused Serialized files (Serialized files now loaded: 0)
Unloading 45 unused Assets / (2.3 MB). Loaded Objects now: 6829.
Memory consumption went from 256.0 MB to 253.7 MB.
Total: 4.850600 ms (FindLiveObjects: 0.531300 ms CreateObjectMapping: 0.175000 ms MarkObjects: 3.657500 ms  DeleteObjects: 0.485600 ms)

AssetImportParameters requested are different than current active one (requested -> active):
  custom:video-decoder-ogg-theora: a1e56fd34408186e4bbccfd4996cb3dc -> 
  custom:container-muxer-webm: aa71ff27fc2769a1b78a27578f13a17b -> 
  custom:container-demuxer-webm: 4f35f7cbe854078d1ac9338744f61a02 -> 
  custom:video-encoder-webm-vp8: eb34c28f22e8b96e1ab97ce403110664 -> 
  custom:audio-encoder-webm-vorbis: bf7c407c2cedff20999df2af8eb42d56 -> 
  custom:framework-win-MediaFoundation: 216162199b28c13a410421893ffa2e32 -> 
  custom:container-demuxer-ogg: 62fdf1f143b41e24485cea50d1cbac27 -> 
  custom:video-decoder-webm-vp8: 9c59270c3fd7afecdb556c50c9e8de78 -> 
  custom:audio-decoder-ogg-vorbis: bf7c407c2cedff20999df2af8eb42d56 -> 
========================================================================
Received Prepare
Registering precompiled user dll's ...
Registered in 0.004064 seconds.
Begin MonoManager ReloadAssembly
Symbol file LoadedFromMemory doesn't match image E:\Unity\SCAVE\Library\PackageCache\com.unity.visualscripting@1.7.2\Editor\VisualScripting.Core\Dependencies\YamlDotNet\Unity.VisualScripting.YamlDotNet.dll
Symbol file LoadedFromMemory doesn't match image E:\Unity\SCAVE\Library\PackageCache\com.unity.visualscripting@1.7.2\Editor\VisualScripting.Core\Dependencies\DotNetZip\Unity.VisualScripting.IonicZip.dll
Native extension for WindowsStandalone target not found
Refreshing native plugins compatible for Editor in 1.98 ms, found 3 plugins.
Preloading 0 native plugins for Editor in 0.00 ms.
Warning: Annotation not found!
UnityEngine.StackTraceUtility:ExtractStackTrace ()
UnityEditor.ProBuilder.EditorUtility:SetGizmoIconEnabled (System.Type,bool) (at Library/PackageCache/com.unity.probuilder@5.0.3/Editor/EditorCore/EditorUtility.cs:575)
UnityEditor.ProBuilder.HierarchyListener:.cctor () (at Library/PackageCache/com.unity.probuilder@5.0.3/Editor/EditorCore/HierarchyListener.cs:21)
System.Runtime.CompilerServices.RuntimeHelpers:RunClassConstructor (System.RuntimeTypeHandle)
UnityEditor.EditorAssemblies:ProcessInitializeOnLoadAttributes (System.Type[])

[Library/PackageCache/com.unity.probuilder@5.0.3/Editor/EditorCore/EditorUtility.cs line 575]

Mono: successfully reloaded assembly
- Completed reload, in  1.374 seconds
Domain Reload Profiling:
	ReloadAssembly (1375ms)
		BeginReloadAssembly (161ms)
			ExecutionOrderSort (0ms)
			DisableScriptedObjects (5ms)
			BackupInstance (0ms)
			ReleaseScriptingObjects (0ms)
			CreateAndSetChildDomain (50ms)
		EndReloadAssembly (1117ms)
			LoadAssemblies (79ms)
			RebuildTransferFunctionScriptingTraits (0ms)
			SetupTypeCache (294ms)
			ReleaseScriptCaches (2ms)
			RebuildScriptCaches (64ms)
			SetupLoadedEditorAssemblies (535ms)
				LogAssemblyErrors (0ms)
				InitializePlatformSupportModulesInManaged (11ms)
				SetLoadedEditorAssemblies (1ms)
				RefreshPlugins (2ms)
				BeforeProcessingInitializeOnLoad (84ms)
				ProcessInitializeOnLoadAttributes (365ms)
				ProcessInitializeOnLoadMethodAttributes (60ms)
				AfterProcessingInitializeOnLoad (12ms)
				EditorAssembliesLoaded (0ms)
			ExecutionOrderSort2 (0ms)
			AwakeInstancesAfterBackupRestoration (16ms)
Platform modules already initialized, skipping
Refreshing native plugins compatible for Editor in 1.19 ms, found 3 plugins.
Preloading 0 native plugins for Editor in 0.00 ms.
Unloading 6092 Unused Serialized files (Serialized files now loaded: 0)
Unloading 45 unused Assets / (2.3 MB). Loaded Objects now: 6831.
Memory consumption went from 256.0 MB to 253.7 MB.
Total: 4.681200 ms (FindLiveObjects: 0.558700 ms CreateObjectMapping: 0.169400 ms MarkObjects: 3.425700 ms  DeleteObjects: 0.526200 ms)

AssetImportParameters requested are different than current active one (requested -> active):
  custom:video-decoder-ogg-theora: a1e56fd34408186e4bbccfd4996cb3dc -> 
  custom:container-muxer-webm: aa71ff27fc2769a1b78a27578f13a17b -> 
  custom:container-demuxer-webm: 4f35f7cbe854078d1ac9338744f61a02 -> 
  custom:video-encoder-webm-vp8: eb34c28f22e8b96e1ab97ce403110664 -> 
  custom:audio-encoder-webm-vorbis: bf7c407c2cedff20999df2af8eb42d56 -> 
  custom:framework-win-MediaFoundation: 216162199b28c13a410421893ffa2e32 -> 
  custom:container-demuxer-ogg: 62fdf1f143b41e24485cea50d1cbac27 -> 
  custom:video-decoder-webm-vp8: 9c59270c3fd7afecdb556c50c9e8de78 -> 
  custom:audio-decoder-ogg-vorbis: bf7c407c2cedff20999df2af8eb42d56 -> 
========================================================================
Received Import Request.
  Time since last request: 2786.324479 seconds.
  path: Assets/Animations/Pickaxe/Swing1.anim
  artifactKey: Guid(7b962eeea04b9e34380aba23e979be40) Importer(815301076,1909f56bfc062723c751e8b465ee728b)
Start importing Assets/Animations/Pickaxe/Swing1.anim using Guid(7b962eeea04b9e34380aba23e979be40) Importer(815301076,1909f56bfc062723c751e8b465ee728b)  -> (artifact id: 'a033384e97c6ea483a839cb6c97e4cf4') in 0.033077 seconds 
========================================================================
Received Import Request.
  Time since last request: 0.800096 seconds.
  path: Assets/Animations/Pickaxe/Swing2.anim
  artifactKey: Guid(96d1a3c3ef1d4d44bae901a4eb57eaeb) Importer(815301076,1909f56bfc062723c751e8b465ee728b)
Start importing Assets/Animations/Pickaxe/Swing2.anim using Guid(96d1a3c3ef1d4d44bae901a4eb57eaeb) Importer(815301076,1909f56bfc062723c751e8b465ee728b)  -> (artifact id: 'b373f89c653d4692dfbf5353a86c4189') in 0.006150 seconds 
========================================================================
Received Prepare
Registering precompiled user dll's ...
Registered in 0.003766 seconds.
Begin MonoManager ReloadAssembly
Symbol file LoadedFromMemory doesn't match image E:\Unity\SCAVE\Library\PackageCache\com.unity.visualscripting@1.7.2\Editor\VisualScripting.Core\Dependencies\YamlDotNet\Unity.VisualScripting.YamlDotNet.dll
Symbol file LoadedFromMemory doesn't match image E:\Unity\SCAVE\Library\PackageCache\com.unity.visualscripting@1.7.2\Editor\VisualScripting.Core\Dependencies\DotNetZip\Unity.VisualScripting.IonicZip.dll
Native extension for WindowsStandalone target not found
Refreshing native plugins compatible for Editor in 1.13 ms, found 3 plugins.
Preloading 0 native plugins for Editor in 0.00 ms.
Warning: Annotation not found!
UnityEngine.StackTraceUtility:ExtractStackTrace ()
UnityEditor.ProBuilder.EditorUtility:SetGizmoIconEnabled (System.Type,bool) (at Library/PackageCache/com.unity.probuilder@5.0.3/Editor/EditorCore/EditorUtility.cs:575)
UnityEditor.ProBuilder.HierarchyListener:.cctor () (at Library/PackageCache/com.unity.probuilder@5.0.3/Editor/EditorCore/HierarchyListener.cs:21)
System.Runtime.CompilerServices.RuntimeHelpers:RunClassConstructor (System.RuntimeTypeHandle)
UnityEditor.EditorAssemblies:ProcessInitializeOnLoadAttributes (System.Type[])

[Library/PackageCache/com.unity.probuilder@5.0.3/Editor/EditorCore/EditorUtility.cs line 575]

Mono: successfully reloaded assembly
- Completed reload, in  1.339 seconds
Domain Reload Profiling:
	ReloadAssembly (1340ms)
		BeginReloadAssembly (140ms)
			ExecutionOrderSort (0ms)
			DisableScriptedObjects (5ms)
			BackupInstance (0ms)
			ReleaseScriptingObjects (0ms)
			CreateAndSetChildDomain (40ms)
		EndReloadAssembly (1102ms)
			LoadAssemblies (75ms)
			RebuildTransferFunctionScriptingTraits (0ms)
			SetupTypeCache (295ms)
			ReleaseScriptCaches (2ms)
			RebuildScriptCaches (59ms)
			SetupLoadedEditorAssemblies (538ms)
				LogAssemblyErrors (0ms)
				InitializePlatformSupportModulesInManaged (11ms)
				SetLoadedEditorAssemblies (0ms)
				RefreshPlugins (1ms)
				BeforeProcessingInitializeOnLoad (84ms)
				ProcessInitializeOnLoadAttributes (375ms)
				ProcessInitializeOnLoadMethodAttributes (58ms)
				AfterProcessingInitializeOnLoad (8ms)
				EditorAssembliesLoaded (0ms)
			ExecutionOrderSort2 (0ms)
			AwakeInstancesAfterBackupRestoration (16ms)
Platform modules already initialized, skipping
Refreshing native plugins compatible for Editor in 1.26 ms, found 3 plugins.
Preloading 0 native plugins for Editor in 0.00 ms.
Unloading 6092 Unused Serialized files (Serialized files now loaded: 0)
Unloading 45 unused Assets / (2.3 MB). Loaded Objects now: 6833.
Memory consumption went from 256.0 MB to 253.7 MB.
Total: 5.490400 ms (FindLiveObjects: 0.539000 ms CreateObjectMapping: 0.316400 ms MarkObjects: 4.111000 ms  DeleteObjects: 0.522200 ms)

AssetImportParameters requested are different than current active one (requested -> active):
  custom:video-decoder-ogg-theora: a1e56fd34408186e4bbccfd4996cb3dc -> 
  custom:container-muxer-webm: aa71ff27fc2769a1b78a27578f13a17b -> 
  custom:container-demuxer-webm: 4f35f7cbe854078d1ac9338744f61a02 -> 
  custom:video-encoder-webm-vp8: eb34c28f22e8b96e1ab97ce403110664 -> 
  custom:audio-encoder-webm-vorbis: bf7c407c2cedff20999df2af8eb42d56 -> 
  custom:framework-win-MediaFoundation: 216162199b28c13a410421893ffa2e32 -> 
  custom:container-demuxer-ogg: 62fdf1f143b41e24485cea50d1cbac27 -> 
  custom:video-decoder-webm-vp8: 9c59270c3fd7afecdb556c50c9e8de78 -> 
  custom:audio-decoder-ogg-vorbis: bf7c407c2cedff20999df2af8eb42d56 -> 
========================================================================
Received Import Request.
  Time since last request: 150.519052 seconds.
  path: Assets/Animations/Pickaxe/SwingHit1.anim
  artifactKey: Guid(df65e11480a62be419447b51aacba46e) Importer(815301076,1909f56bfc062723c751e8b465ee728b)
Start importing Assets/Animations/Pickaxe/SwingHit1.anim using Guid(df65e11480a62be419447b51aacba46e) Importer(815301076,1909f56bfc062723c751e8b465ee728b)  -> (artifact id: '9334a4fabf13ef539ab7e1e31c40ebd6') in 0.018219 seconds 
========================================================================
Received Prepare
Registering precompiled user dll's ...
Registered in 0.004373 seconds.
Begin MonoManager ReloadAssembly
Symbol file LoadedFromMemory doesn't match image E:\Unity\SCAVE\Library\PackageCache\com.unity.visualscripting@1.7.2\Editor\VisualScripting.Core\Dependencies\YamlDotNet\Unity.VisualScripting.YamlDotNet.dll
Symbol file LoadedFromMemory doesn't match image E:\Unity\SCAVE\Library\PackageCache\com.unity.visualscripting@1.7.2\Editor\VisualScripting.Core\Dependencies\DotNetZip\Unity.VisualScripting.IonicZip.dll
Native extension for WindowsStandalone target not found
Refreshing native plugins compatible for Editor in 1.84 ms, found 3 plugins.
Preloading 0 native plugins for Editor in 0.00 ms.
Warning: Annotation not found!
UnityEngine.StackTraceUtility:ExtractStackTrace ()
UnityEditor.ProBuilder.EditorUtility:SetGizmoIconEnabled (System.Type,bool) (at Library/PackageCache/com.unity.probuilder@5.0.3/Editor/EditorCore/EditorUtility.cs:575)
UnityEditor.ProBuilder.HierarchyListener:.cctor () (at Library/PackageCache/com.unity.probuilder@5.0.3/Editor/EditorCore/HierarchyListener.cs:21)
System.Runtime.CompilerServices.RuntimeHelpers:RunClassConstructor (System.RuntimeTypeHandle)
UnityEditor.EditorAssemblies:ProcessInitializeOnLoadAttributes (System.Type[])

[Library/PackageCache/com.unity.probuilder@5.0.3/Editor/EditorCore/EditorUtility.cs line 575]

Mono: successfully reloaded assembly
- Completed reload, in  1.322 seconds
Domain Reload Profiling:
	ReloadAssembly (1323ms)
		BeginReloadAssembly (143ms)
			ExecutionOrderSort (0ms)
			DisableScriptedObjects (5ms)
			BackupInstance (0ms)
			ReleaseScriptingObjects (0ms)
			CreateAndSetChildDomain (40ms)
		EndReloadAssembly (1089ms)
			LoadAssemblies (84ms)
			RebuildTransferFunctionScriptingTraits (0ms)
			SetupTypeCache (274ms)
			ReleaseScriptCaches (2ms)
			RebuildScriptCaches (59ms)
			SetupLoadedEditorAssemblies (546ms)
				LogAssemblyErrors (0ms)
				InitializePlatformSupportModulesInManaged (15ms)
				SetLoadedEditorAssemblies (0ms)
				RefreshPlugins (2ms)
				BeforeProcessingInitializeOnLoad (87ms)
				ProcessInitializeOnLoadAttributes (373ms)
				ProcessInitializeOnLoadMethodAttributes (62ms)
				AfterProcessingInitializeOnLoad (8ms)
				EditorAssembliesLoaded (0ms)
			ExecutionOrderSort2 (0ms)
			AwakeInstancesAfterBackupRestoration (15ms)
Platform modules already initialized, skipping
Refreshing native plugins compatible for Editor in 1.69 ms, found 3 plugins.
Preloading 0 native plugins for Editor in 0.00 ms.
Unloading 6092 Unused Serialized files (Serialized files now loaded: 0)
Unloading 45 unused Assets / (2.3 MB). Loaded Objects now: 6835.
Memory consumption went from 256.0 MB to 253.7 MB.
Total: 5.739000 ms (FindLiveObjects: 0.527500 ms CreateObjectMapping: 0.159500 ms MarkObjects: 4.406100 ms  DeleteObjects: 0.644200 ms)

AssetImportParameters requested are different than current active one (requested -> active):
  custom:video-decoder-ogg-theora: a1e56fd34408186e4bbccfd4996cb3dc -> 
  custom:container-muxer-webm: aa71ff27fc2769a1b78a27578f13a17b -> 
  custom:container-demuxer-webm: 4f35f7cbe854078d1ac9338744f61a02 -> 
  custom:video-encoder-webm-vp8: eb34c28f22e8b96e1ab97ce403110664 -> 
  custom:audio-encoder-webm-vorbis: bf7c407c2cedff20999df2af8eb42d56 -> 
  custom:framework-win-MediaFoundation: 216162199b28c13a410421893ffa2e32 -> 
  custom:container-demuxer-ogg: 62fdf1f143b41e24485cea50d1cbac27 -> 
  custom:video-decoder-webm-vp8: 9c59270c3fd7afecdb556c50c9e8de78 -> 
  custom:audio-decoder-ogg-vorbis: bf7c407c2cedff20999df2af8eb42d56 -> 
========================================================================
Received Import Request.
  Time since last request: 199.332729 seconds.
  path: Assets/Animations/Pickaxe/SwingHit2.anim
  artifactKey: Guid(ca1ad22a91ebcb44b84fc4c0b97606c1) Importer(815301076,1909f56bfc062723c751e8b465ee728b)
Start importing Assets/Animations/Pickaxe/SwingHit2.anim using Guid(ca1ad22a91ebcb44b84fc4c0b97606c1) Importer(815301076,1909f56bfc062723c751e8b465ee728b)  -> (artifact id: '1c407b2a9376fd6a42588f3393d1b3d7') in 0.020013 seconds 
========================================================================
Received Prepare
Registering precompiled user dll's ...
Registered in 0.004920 seconds.
Begin MonoManager ReloadAssembly
Symbol file LoadedFromMemory doesn't match image E:\Unity\SCAVE\Library\PackageCache\com.unity.visualscripting@1.7.2\Editor\VisualScripting.Core\Dependencies\YamlDotNet\Unity.VisualScripting.YamlDotNet.dll
Symbol file LoadedFromMemory doesn't match image E:\Unity\SCAVE\Library\PackageCache\com.unity.visualscripting@1.7.2\Editor\VisualScripting.Core\Dependencies\DotNetZip\Unity.VisualScripting.IonicZip.dll
Native extension for WindowsStandalone target not found
Refreshing native plugins compatible for Editor in 1.19 ms, found 3 plugins.
Preloading 0 native plugins for Editor in 0.00 ms.
Warning: Annotation not found!
UnityEngine.StackTraceUtility:ExtractStackTrace ()
UnityEditor.ProBuilder.EditorUtility:SetGizmoIconEnabled (System.Type,bool) (at Library/PackageCache/com.unity.probuilder@5.0.3/Editor/EditorCore/EditorUtility.cs:575)
UnityEditor.ProBuilder.HierarchyListener:.cctor () (at Library/PackageCache/com.unity.probuilder@5.0.3/Editor/EditorCore/HierarchyListener.cs:21)
System.Runtime.CompilerServices.RuntimeHelpers:RunClassConstructor (System.RuntimeTypeHandle)
UnityEditor.EditorAssemblies:ProcessInitializeOnLoadAttributes (System.Type[])

[Library/PackageCache/com.unity.probuilder@5.0.3/Editor/EditorCore/EditorUtility.cs line 575]

Mono: successfully reloaded assembly
- Completed reload, in  1.524 seconds
Domain Reload Profiling:
	ReloadAssembly (1525ms)
		BeginReloadAssembly (245ms)
			ExecutionOrderSort (0ms)
			DisableScriptedObjects (12ms)
			BackupInstance (0ms)
			ReleaseScriptingObjects (0ms)
			CreateAndSetChildDomain (93ms)
		EndReloadAssembly (1187ms)
			LoadAssemblies (93ms)
			RebuildTransferFunctionScriptingTraits (0ms)
			SetupTypeCache (287ms)
			ReleaseScriptCaches (3ms)
			RebuildScriptCaches (64ms)
			SetupLoadedEditorAssemblies (599ms)
				LogAssemblyErrors (0ms)
				InitializePlatformSupportModulesInManaged (14ms)
				SetLoadedEditorAssemblies (0ms)
				RefreshPlugins (1ms)
				BeforeProcessingInitializeOnLoad (92ms)
				ProcessInitializeOnLoadAttributes (418ms)
				ProcessInitializeOnLoadMethodAttributes (65ms)
				AfterProcessingInitializeOnLoad (8ms)
				EditorAssembliesLoaded (0ms)
			ExecutionOrderSort2 (0ms)
			AwakeInstancesAfterBackupRestoration (19ms)
Platform modules already initialized, skipping
Refreshing native plugins compatible for Editor in 1.19 ms, found 3 plugins.
Preloading 0 native plugins for Editor in 0.00 ms.
Unloading 6092 Unused Serialized files (Serialized files now loaded: 0)
Unloading 45 unused Assets / (2.3 MB). Loaded Objects now: 6837.
Memory consumption went from 256.0 MB to 253.7 MB.
Total: 5.416700 ms (FindLiveObjects: 0.538300 ms CreateObjectMapping: 0.170700 ms MarkObjects: 4.195300 ms  DeleteObjects: 0.511000 ms)

AssetImportParameters requested are different than current active one (requested -> active):
  custom:video-decoder-ogg-theora: a1e56fd34408186e4bbccfd4996cb3dc -> 
  custom:container-muxer-webm: aa71ff27fc2769a1b78a27578f13a17b -> 
  custom:container-demuxer-webm: 4f35f7cbe854078d1ac9338744f61a02 -> 
  custom:video-encoder-webm-vp8: eb34c28f22e8b96e1ab97ce403110664 -> 
  custom:audio-encoder-webm-vorbis: bf7c407c2cedff20999df2af8eb42d56 -> 
  custom:framework-win-MediaFoundation: 216162199b28c13a410421893ffa2e32 -> 
  custom:container-demuxer-ogg: 62fdf1f143b41e24485cea50d1cbac27 -> 
  custom:video-decoder-webm-vp8: 9c59270c3fd7afecdb556c50c9e8de78 -> 
  custom:audio-decoder-ogg-vorbis: bf7c407c2cedff20999df2af8eb42d56 -> 
========================================================================
Received Import Request.
  Time since last request: 2886.378787 seconds.
  path: Assets/Materials/Materials/Ores
  artifactKey: Guid(9454f49ebd95ffe46a843407da5f3e8c) Importer(815301076,1909f56bfc062723c751e8b465ee728b)
Start importing Assets/Materials/Materials/Ores using Guid(9454f49ebd95ffe46a843407da5f3e8c) Importer(815301076,1909f56bfc062723c751e8b465ee728b)  -> (artifact id: '0591549a180a5a458851134039ca6024') in 0.012656 seconds 
========================================================================
Received Import Request.
  Time since last request: 8.841346 seconds.
  path: Assets/Materials/Materials/Player
  artifactKey: Guid(3d655a8f160613f419c86c3d96a4c29c) Importer(815301076,1909f56bfc062723c751e8b465ee728b)
Start importing Assets/Materials/Materials/Player using Guid(3d655a8f160613f419c86c3d96a4c29c) Importer(815301076,1909f56bfc062723c751e8b465ee728b)  -> (artifact id: 'bdb0f391cad3d117e192f9ba291c2314') in 0.005937 seconds 
========================================================================
Received Import Request.
  Time since last request: 7.985028 seconds.
  path: Assets/Materials/Materials/Environment
  artifactKey: Guid(ac66cd2957d789b458680ece2c84f218) Importer(815301076,1909f56bfc062723c751e8b465ee728b)
Start importing Assets/Materials/Materials/Environment using Guid(ac66cd2957d789b458680ece2c84f218) Importer(815301076,1909f56bfc062723c751e8b465ee728b)  -> (artifact id: 'aac83a4e72ac009741f2fe665d116b9a') in 0.006536 seconds 
========================================================================
Received Import Request.
  Time since last request: 76.710285 seconds.
  path: Assets/Materials/Materials/Ores/Gold Ore 1.mat
  artifactKey: Guid(8f624d84fcd74694b8b9283a7f6c33fb) Importer(815301076,1909f56bfc062723c751e8b465ee728b)
Start importing Assets/Materials/Materials/Ores/Gold Ore 1.mat using Guid(8f624d84fcd74694b8b9283a7f6c33fb) Importer(815301076,1909f56bfc062723c751e8b465ee728b)  -> (artifact id: '4844813a6d6cd14df3f04b91b4a4bff4') in 0.211366 seconds 
========================================================================
Received Import Request.
  Time since last request: 66.546759 seconds.
  path: Assets/Materials/Materials/Ores/Coal Ore.mat
  artifactKey: Guid(8f624d84fcd74694b8b9283a7f6c33fb) Importer(815301076,1909f56bfc062723c751e8b465ee728b)
Start importing Assets/Materials/Materials/Ores/Coal Ore.mat using Guid(8f624d84fcd74694b8b9283a7f6c33fb) Importer(815301076,1909f56bfc062723c751e8b465ee728b)  -> (artifact id: 'e55d88a2a423fa57f3de6443cf6f023a') in 0.016199 seconds 
========================================================================
Received Import Request.
  Time since last request: 8.207766 seconds.
  path: Assets/Items/Prefabs/Gold nugget.prefab
  artifactKey: Guid(6a60abf7fe175594caa220d8da031f2c) Importer(815301076,1909f56bfc062723c751e8b465ee728b)
Start importing Assets/Items/Prefabs/Gold nugget.prefab using Guid(6a60abf7fe175594caa220d8da031f2c) Importer(815301076,1909f56bfc062723c751e8b465ee728b)  -> (artifact id: 'e8674692f1f3a96127e45629a99dba6c') in 0.028064 seconds 
========================================================================
Received Import Request.
  Time since last request: 4.300007 seconds.
  path: Assets/Items/Prefabs/Iron nugget 1.prefab
  artifactKey: Guid(77c8852094674764793610353b359432) Importer(815301076,1909f56bfc062723c751e8b465ee728b)
Start importing Assets/Items/Prefabs/Iron nugget 1.prefab using Guid(77c8852094674764793610353b359432) Importer(815301076,1909f56bfc062723c751e8b465ee728b)  -> (artifact id: 'fdd043137f75b8a2cee17c5fbbe84042') in 0.017410 seconds 
========================================================================
Received Import Request.
  Time since last request: 5.374870 seconds.
  path: Assets/Items/Prefabs/Coal nugget.prefab
  artifactKey: Guid(77c8852094674764793610353b359432) Importer(815301076,1909f56bfc062723c751e8b465ee728b)
Start importing Assets/Items/Prefabs/Coal nugget.prefab using Guid(77c8852094674764793610353b359432) Importer(815301076,1909f56bfc062723c751e8b465ee728b)  -> (artifact id: 'f56d8dffd56c21236676a450cba98af9') in 0.014583 seconds 
========================================================================
Received Import Request.
  Time since last request: 29.712629 seconds.
  path: Assets/Items/Prefabs/Iron nugget.prefab
  artifactKey: Guid(249e4d7046ab06a4582afdacc8213bad) Importer(815301076,1909f56bfc062723c751e8b465ee728b)
Start importing Assets/Items/Prefabs/Iron nugget.prefab using Guid(249e4d7046ab06a4582afdacc8213bad) Importer(815301076,1909f56bfc062723c751e8b465ee728b)  -> (artifact id: '81eb698ccc696cc5eebebd032e64e265') in 0.020760 seconds 
========================================================================
Received Import Request.
  Time since last request: 7.946170 seconds.
  path: Assets/Items/Prefabs/Coal nugget.prefab
  artifactKey: Guid(77c8852094674764793610353b359432) Importer(815301076,1909f56bfc062723c751e8b465ee728b)
Start importing Assets/Items/Prefabs/Coal nugget.prefab using Guid(77c8852094674764793610353b359432) Importer(815301076,1909f56bfc062723c751e8b465ee728b)  -> (artifact id: 'e4fb1405ec4d4576ea33ee3a461ecfa8') in 0.014726 seconds 
========================================================================
Received Import Request.
  Time since last request: 12.951019 seconds.
  path: Assets/Items/Prefabs/Coal nugget.prefab
  artifactKey: Guid(77c8852094674764793610353b359432) Importer(815301076,1909f56bfc062723c751e8b465ee728b)
Start importing Assets/Items/Prefabs/Coal nugget.prefab using Guid(77c8852094674764793610353b359432) Importer(815301076,1909f56bfc062723c751e8b465ee728b)  -> (artifact id: 'bd7ee943d864529251ebe562d45070da') in 0.012042 seconds 
========================================================================
Received Import Request.
  Time since last request: 0.575631 seconds.
  path: Assets/Items/Prefabs/Coal nugget.prefab
  artifactKey: Guid(77c8852094674764793610353b359432) Importer(815301076,1909f56bfc062723c751e8b465ee728b)
Start importing Assets/Items/Prefabs/Coal nugget.prefab using Guid(77c8852094674764793610353b359432) Importer(815301076,1909f56bfc062723c751e8b465ee728b)  -> (artifact id: '7ffb5dabf7dd99c87416ddc6dcae6f67') in 0.016938 seconds 
========================================================================
Received Import Request.
  Time since last request: 2.443543 seconds.
  path: Assets/Items/Prefabs/Coal nugget.prefab
  artifactKey: Guid(77c8852094674764793610353b359432) Importer(815301076,1909f56bfc062723c751e8b465ee728b)
Start importing Assets/Items/Prefabs/Coal nugget.prefab using Guid(77c8852094674764793610353b359432) Importer(815301076,1909f56bfc062723c751e8b465ee728b)  -> (artifact id: '1739470c4be4fa2db2a9a1fc95a95720') in 0.011138 seconds 
========================================================================
Received Import Request.
  Time since last request: 0.391676 seconds.
  path: Assets/Items/Prefabs/Coal nugget.prefab
  artifactKey: Guid(77c8852094674764793610353b359432) Importer(815301076,1909f56bfc062723c751e8b465ee728b)
Start importing Assets/Items/Prefabs/Coal nugget.prefab using Guid(77c8852094674764793610353b359432) Importer(815301076,1909f56bfc062723c751e8b465ee728b)  -> (artifact id: 'e265582b264622924144d9a74f39c578') in 0.018006 seconds 
========================================================================
Received Import Request.
  Time since last request: 1.802315 seconds.
  path: Assets/Items/Prefabs/Coal nugget.prefab
  artifactKey: Guid(77c8852094674764793610353b359432) Importer(815301076,1909f56bfc062723c751e8b465ee728b)
Start importing Assets/Items/Prefabs/Coal nugget.prefab using Guid(77c8852094674764793610353b359432) Importer(815301076,1909f56bfc062723c751e8b465ee728b)  -> (artifact id: 'f295b53ab524980c1286bc7af48c7124') in 0.012387 seconds 
========================================================================
Received Import Request.
  Time since last request: 13.321758 seconds.
  path: Assets/Items/Prefabs/Coal nugget.prefab
  artifactKey: Guid(77c8852094674764793610353b359432) Importer(815301076,1909f56bfc062723c751e8b465ee728b)
Start importing Assets/Items/Prefabs/Coal nugget.prefab using Guid(77c8852094674764793610353b359432) Importer(815301076,1909f56bfc062723c751e8b465ee728b)  -> (artifact id: '5b8434da62904b5aa04f7a4373cff649') in 0.012834 seconds 
========================================================================
Received Import Request.
  Time since last request: 5.416612 seconds.
  path: Assets/Items/Prefabs/Coal nugget.prefab
  artifactKey: Guid(77c8852094674764793610353b359432) Importer(815301076,1909f56bfc062723c751e8b465ee728b)
Start importing Assets/Items/Prefabs/Coal nugget.prefab using Guid(77c8852094674764793610353b359432) Importer(815301076,1909f56bfc062723c751e8b465ee728b)  -> (artifact id: 'a64d74b6ade63723d85b6fbe29a957f3') in 0.009829 seconds 
========================================================================
Received Import Request.
  Time since last request: 3.604976 seconds.
  path: Assets/Items/Prefabs/Coal nugget.prefab
  artifactKey: Guid(77c8852094674764793610353b359432) Importer(815301076,1909f56bfc062723c751e8b465ee728b)
Start importing Assets/Items/Prefabs/Coal nugget.prefab using Guid(77c8852094674764793610353b359432) Importer(815301076,1909f56bfc062723c751e8b465ee728b)  -> (artifact id: '104f35c3a3dd4032d16dbd81f1f71ce1') in 0.011424 seconds 
========================================================================
Received Import Request.
  Time since last request: 1.993468 seconds.
  path: Assets/Items/Prefabs/Coal nugget.prefab
  artifactKey: Guid(77c8852094674764793610353b359432) Importer(815301076,1909f56bfc062723c751e8b465ee728b)
Start importing Assets/Items/Prefabs/Coal nugget.prefab using Guid(77c8852094674764793610353b359432) Importer(815301076,1909f56bfc062723c751e8b465ee728b)  -> (artifact id: '2e4191ad7f1cd58b4b1c50163784ad57') in 0.012983 seconds 
========================================================================
Received Import Request.
  Time since last request: 10.257647 seconds.
  path: Assets/Items/Prefabs/Coal nugget.prefab
  artifactKey: Guid(77c8852094674764793610353b359432) Importer(815301076,1909f56bfc062723c751e8b465ee728b)
Start importing Assets/Items/Prefabs/Coal nugget.prefab using Guid(77c8852094674764793610353b359432) Importer(815301076,1909f56bfc062723c751e8b465ee728b)  -> (artifact id: '68266cd888f1464eebc2ec0259fddbbc') in 0.010549 seconds 
========================================================================
Received Import Request.
  Time since last request: 4.413367 seconds.
  path: Assets/Items/Prefabs/Coal nugget.prefab
  artifactKey: Guid(77c8852094674764793610353b359432) Importer(815301076,1909f56bfc062723c751e8b465ee728b)
Start importing Assets/Items/Prefabs/Coal nugget.prefab using Guid(77c8852094674764793610353b359432) Importer(815301076,1909f56bfc062723c751e8b465ee728b)  -> (artifact id: '02eef6c6a7bb370b6beb7a9f8b3e8268') in 0.010316 seconds 
========================================================================
Received Import Request.
  Time since last request: 1.993116 seconds.
  path: Assets/Items/Prefabs/Coal nugget.prefab
  artifactKey: Guid(77c8852094674764793610353b359432) Importer(815301076,1909f56bfc062723c751e8b465ee728b)
Start importing Assets/Items/Prefabs/Coal nugget.prefab using Guid(77c8852094674764793610353b359432) Importer(815301076,1909f56bfc062723c751e8b465ee728b)  -> (artifact id: '1bd6104358d0b807cd4449635e246d52') in 0.014399 seconds 
========================================================================
Received Import Request.
  Time since last request: 1.603530 seconds.
  path: Assets/Items/Prefabs/Coal nugget.prefab
  artifactKey: Guid(77c8852094674764793610353b359432) Importer(815301076,1909f56bfc062723c751e8b465ee728b)
Start importing Assets/Items/Prefabs/Coal nugget.prefab using Guid(77c8852094674764793610353b359432) Importer(815301076,1909f56bfc062723c751e8b465ee728b)  -> (artifact id: '7e13229600b2e186667b7ff555781675') in 0.014205 seconds 
========================================================================
Received Import Request.
  Time since last request: 6.252490 seconds.
  path: Assets/Items/Objects/Gold Nugget.asset
  artifactKey: Guid(1d935490eb090754d9cb73d7c13a2802) Importer(815301076,1909f56bfc062723c751e8b465ee728b)
Start importing Assets/Items/Objects/Gold Nugget.asset using Guid(1d935490eb090754d9cb73d7c13a2802) Importer(815301076,1909f56bfc062723c751e8b465ee728b)  -> (artifact id: '7495cb1063e2fbacd860702f32b3b639') in 0.005997 seconds 
========================================================================
Received Import Request.
  Time since last request: 6.740136 seconds.
  path: Assets/Items/Objects/Item.asset
  artifactKey: Guid(1aa82b05c6c9bde4e98c8dc8843f9a55) Importer(815301076,1909f56bfc062723c751e8b465ee728b)
Start importing Assets/Items/Objects/Item.asset using Guid(1aa82b05c6c9bde4e98c8dc8843f9a55) Importer(815301076,1909f56bfc062723c751e8b465ee728b)  -> (artifact id: '0831ec7da2ad06ac4fdeb69073752c67') in 0.008553 seconds 
========================================================================
Received Import Request.
  Time since last request: 4.925013 seconds.
  path: Assets/Items/Objects/Ore Nugget.asset
  artifactKey: Guid(1aa82b05c6c9bde4e98c8dc8843f9a55) Importer(815301076,1909f56bfc062723c751e8b465ee728b)
Start importing Assets/Items/Objects/Ore Nugget.asset using Guid(1aa82b05c6c9bde4e98c8dc8843f9a55) Importer(815301076,1909f56bfc062723c751e8b465ee728b)  -> (artifact id: '804d11ef485d4c45fd0ba175ea07e6cd') in 0.006059 seconds 
========================================================================
Received Import Request.
  Time since last request: 35.361217 seconds.
  path: Assets/Items/Objects/Coal Nugget.asset
  artifactKey: Guid(1aa82b05c6c9bde4e98c8dc8843f9a55) Importer(815301076,1909f56bfc062723c751e8b465ee728b)
Start importing Assets/Items/Objects/Coal Nugget.asset using Guid(1aa82b05c6c9bde4e98c8dc8843f9a55) Importer(815301076,1909f56bfc062723c751e8b465ee728b)  -> (artifact id: '52926e20d45abe4e4a229256a1e577a6') in 0.006726 seconds 
========================================================================
Received Import Request.
  Time since last request: 225.035280 seconds.
  path: Assets/Items/Prefabs/Nugget_01.prefab
  artifactKey: Guid(d9449dcf4f9e2a64e84d9337dcb438eb) Importer(815301076,1909f56bfc062723c751e8b465ee728b)
Start importing Assets/Items/Prefabs/Nugget_01.prefab using Guid(d9449dcf4f9e2a64e84d9337dcb438eb) Importer(815301076,1909f56bfc062723c751e8b465ee728b)  -> (artifact id: '7549c73515196d2b99b7a7e3cadc26ab') in 0.021071 seconds 
========================================================================
Received Import Request.
  Time since last request: 2.040616 seconds.
  path: Assets/Items/Prefabs/Nugget_02.prefab
  artifactKey: Guid(4bb5291a21fb70a42ba663daf3777d33) Importer(815301076,1909f56bfc062723c751e8b465ee728b)
Start importing Assets/Items/Prefabs/Nugget_02.prefab using Guid(4bb5291a21fb70a42ba663daf3777d33) Importer(815301076,1909f56bfc062723c751e8b465ee728b)  -> (artifact id: '4bfd22c858338f0f1b93347cefecbb0a') in 0.015664 seconds 
========================================================================
Received Import Request.
  Time since last request: 3.663982 seconds.
  path: Assets/Items/Prefabs/Nugget_03.prefab
  artifactKey: Guid(53168ceb81c92934d9d8edab7fef6d9e) Importer(815301076,1909f56bfc062723c751e8b465ee728b)
Start importing Assets/Items/Prefabs/Nugget_03.prefab using Guid(53168ceb81c92934d9d8edab7fef6d9e) Importer(815301076,1909f56bfc062723c751e8b465ee728b)  -> (artifact id: '8b5a9659b1827d80bd0fc614b82d4018') in 0.013699 seconds 
========================================================================
Received Import Request.
  Time since last request: 2.890827 seconds.
  path: Assets/Items/Prefabs/Nugget_04.prefab
  artifactKey: Guid(9de82d5e406d9d544ac387c521e08a2f) Importer(815301076,1909f56bfc062723c751e8b465ee728b)
Start importing Assets/Items/Prefabs/Nugget_04.prefab using Guid(9de82d5e406d9d544ac387c521e08a2f) Importer(815301076,1909f56bfc062723c751e8b465ee728b)  -> (artifact id: '387befd33c00cabc46a292d6900759cb') in 0.013503 seconds 
========================================================================
Received Import Request.
  Time since last request: 2.632733 seconds.
  path: Assets/Items/Prefabs/Nugget_05.prefab
  artifactKey: Guid(305a388b6539d3041a283b76508de030) Importer(815301076,1909f56bfc062723c751e8b465ee728b)
Start importing Assets/Items/Prefabs/Nugget_05.prefab using Guid(305a388b6539d3041a283b76508de030) Importer(815301076,1909f56bfc062723c751e8b465ee728b)  -> (artifact id: 'd2dcf741494852b156095418927aec29') in 0.013254 seconds 
========================================================================
Received Import Request.
  Time since last request: 11.893576 seconds.
  path: Assets/Items/Prefabs/Nugget_01.prefab
  artifactKey: Guid(d9449dcf4f9e2a64e84d9337dcb438eb) Importer(815301076,1909f56bfc062723c751e8b465ee728b)
Start importing Assets/Items/Prefabs/Nugget_01.prefab using Guid(d9449dcf4f9e2a64e84d9337dcb438eb) Importer(815301076,1909f56bfc062723c751e8b465ee728b)  -> (artifact id: '5680b86587a80aa82069747d98104263') in 0.014201 seconds 
========================================================================
Received Import Request.
  Time since last request: 0.000033 seconds.
  path: Assets/Items/Prefabs/Nugget_05.prefab
  artifactKey: Guid(305a388b6539d3041a283b76508de030) Importer(815301076,1909f56bfc062723c751e8b465ee728b)
Start importing Assets/Items/Prefabs/Nugget_05.prefab using Guid(305a388b6539d3041a283b76508de030) Importer(815301076,1909f56bfc062723c751e8b465ee728b)  -> (artifact id: '215db0ddde02cbddc7ae1a0c47a0f166') in 0.009812 seconds 
========================================================================
Received Import Request.
  Time since last request: 0.000027 seconds.
  path: Assets/Items/Prefabs/Nugget_04.prefab
  artifactKey: Guid(9de82d5e406d9d544ac387c521e08a2f) Importer(815301076,1909f56bfc062723c751e8b465ee728b)
Start importing Assets/Items/Prefabs/Nugget_04.prefab using Guid(9de82d5e406d9d544ac387c521e08a2f) Importer(815301076,1909f56bfc062723c751e8b465ee728b)  -> (artifact id: 'b2626c3a1f61e7b57b14c00079846f07') in 0.011277 seconds 
========================================================================
Received Import Request.
  Time since last request: 37.457196 seconds.
  path: Assets/Items/Prefabs/PP_Gemstone_07_Copper.fbx
  artifactKey: Guid(6a5760410186dcf44acc029f0615a9a1) Importer(815301076,1909f56bfc062723c751e8b465ee728b)
Start importing Assets/Items/Prefabs/PP_Gemstone_07_Copper.fbx using Guid(6a5760410186dcf44acc029f0615a9a1) Importer(815301076,1909f56bfc062723c751e8b465ee728b)  -> (artifact id: '7b9d9f37e91b16d6e9a7e81547741e17') in 0.083874 seconds 
========================================================================
Received Import Request.
  Time since last request: 0.000032 seconds.
  path: Assets/Items/Prefabs/PP_Gemstone_13_Blue.fbx
  artifactKey: Guid(92b1a004afa7a694c867bb2f5587e1e2) Importer(815301076,1909f56bfc062723c751e8b465ee728b)
Start importing Assets/Items/Prefabs/PP_Gemstone_13_Blue.fbx using Guid(92b1a004afa7a694c867bb2f5587e1e2) Importer(815301076,1909f56bfc062723c751e8b465ee728b)  -> (artifact id: 'e2e3a48a9a15bce993277750c9999880') in 0.031727 seconds 
Editor requested this worker to shutdown with reason: Scaling down because of idle timeout
AssetImportWorker is now disconnected from the server
Process exiting
Exiting without the bug reporter. Application will terminate with return code 0